#
# A fatal error has been detected by the Java Runtime Environment:
#
#  SIGSEGV (0xb) at pc=0x0000000131a3e447, pid=29579, tid=71947
#
# JRE version: OpenJDK Runtime Environment (10.0.2+13) (build 10.0.2+13)
# Java VM: OpenJDK 64-Bit Server VM (10.0.2+13, mixed mode, tiered, compressed oops, g1 gc, bsd-amd64)
# Problematic frame:
# C  [libawt_lwawt.dylib+0x1c447]  OGLSD_SetScratchSurface+0x1f
#
# No core dump will be written. Core dumps have been disabled. To enable core dumping, try "ulimit -c unlimited" before starting Java again
#
# If you would like to submit a bug report, please visit:
#   http://bugreport.java.com/bugreport/crash.jsp
# The crash happened outside the Java Virtual Machine in native code.
# See problematic frame for where to report the bug.
#

---------------  S U M M A R Y ------------

Command Line: HardwareSimulatorMain

Host: MacBookPro11,4 x86_64 2800 MHz, 8 cores, 16G, Darwin 18.2.0
Time: Wed Nov 28 12:43:51 2018 PST elapsed time: 22419 seconds (0d 6h 13m 39s)

---------------  T H R E A D  ---------------

Current thread (0x00007fb3e79fb800):  JavaThread "Java2D Queue Flusher" daemon [_thread_in_native, id=71947, stack(0x000070000ed27000,0x000070000ee27000)]

Stack: [0x000070000ed27000,0x000070000ee27000],  sp=0x000070000ee268f0,  free space=1022k
Native frames: (J=compiled Java code, A=aot compiled Java code, j=interpreted, Vv=VM code, C=native code)
C  [libawt_lwawt.dylib+0x1c447]  OGLSD_SetScratchSurface+0x1f
C  [libawt_lwawt.dylib+0x41d83]  Java_sun_java2d_opengl_OGLRenderQueue_flushBuffer+0x643
J 2679  sun.java2d.opengl.OGLRenderQueue.flushBuffer(JI)V java.desktop@10.0.2 (0 bytes) @ 0x000000011d6276ed [0x000000011d627640+0x00000000000000ad]
J 4654 c2 sun.java2d.opengl.OGLRenderQueue.access$200(Lsun/java2d/opengl/OGLRenderQueue;)V java.desktop@10.0.2 (5 bytes) @ 0x000000011d8137f0 [0x000000011d8137c0+0x0000000000000030]
j  sun.java2d.opengl.OGLRenderQueue$QueueFlusher.run()V+81 java.desktop@10.0.2
j  java.lang.Thread.run()V+11 java.base@10.0.2
v  ~StubRoutines::call_stub
V  [libjvm.dylib+0x3c8a7e]  _ZN9JavaCalls11call_helperEP9JavaValueRK12methodHandleP17JavaCallArgumentsP6Thread+0x216
V  [libjvm.dylib+0x3c8092]  _ZN9JavaCalls12call_virtualEP9JavaValueP5KlassP6SymbolS5_P17JavaCallArgumentsP6Thread+0x12a
V  [libjvm.dylib+0x3c8152]  _ZN9JavaCalls12call_virtualEP9JavaValue6HandleP5KlassP6SymbolS6_P6Thread+0x6a
V  [libjvm.dylib+0x415d48]  _ZL12thread_entryP10JavaThreadP6Thread+0x77
V  [libjvm.dylib+0x6fdac6]  _ZN10JavaThread17thread_main_innerEv+0x86
V  [libjvm.dylib+0x5eef5f]  _ZL19thread_native_entryP6Thread+0x12b
C  [libsystem_pthread.dylib+0x3339]  _pthread_body+0x7e
C  [libsystem_pthread.dylib+0x62a7]  _pthread_start+0x46
C  [libsystem_pthread.dylib+0x2445]  thread_start+0xd
C  0x0000000000000000

Java frames: (J=compiled Java code, j=interpreted, Vv=VM code)
J 2679  sun.java2d.opengl.OGLRenderQueue.flushBuffer(JI)V java.desktop@10.0.2 (0 bytes) @ 0x000000011d627678 [0x000000011d627640+0x0000000000000038]
J 4654 c2 sun.java2d.opengl.OGLRenderQueue.access$200(Lsun/java2d/opengl/OGLRenderQueue;)V java.desktop@10.0.2 (5 bytes) @ 0x000000011d8137f0 [0x000000011d8137c0+0x0000000000000030]
j  sun.java2d.opengl.OGLRenderQueue$QueueFlusher.run()V+81 java.desktop@10.0.2
j  java.lang.Thread.run()V+11 java.base@10.0.2
v  ~StubRoutines::call_stub

siginfo: si_signo: 11 (SIGSEGV), si_code: 1 (SEGV_MAPERR), si_addr: 0x0000000000000002

Register to memory mapping:

RAX=0x0000000131a63d5b: Java_sun_java2d_opengl_OGLRenderQueue_flushBuffer+0x61b in /Library/Java/JavaVirtualMachines/jdk-10.0.2.jdk/Contents/Home/lib/libawt_lwawt.dylib at 0x0000000131a22000
RBX=0x00007fb3e79f3610 is an unknown value
RCX=0x0000000000000047 is an unknown value
RDX=0x00007fb3e79f3600 is an unknown value
RSP=0x000070000ee268f0 is pointing into the stack for thread: 0x00007fb3e79fb800
RBP=0x000070000ee26920 is pointing into the stack for thread: 0x00007fb3e79fb800
RSI=0x00007fb3eaca1f70 is an unknown value
RDI=0x00007fb3e79fba00 is an unknown value
R8 =0x0000000000006c01 is an unknown value
R9 =0xffffffff00000000 is an unknown value
R10=0x000000011d627678 is at entry_point+56 in (nmethod*)0x000000011d627490
R11=0x0000000000000020 is an unknown value
R12=0x00007fb3e79f3608 is an unknown value
R13=0x0000000000000002 is an unknown value
R14=0x000070000ee26ab0 is pointing into the stack for thread: 0x00007fb3e79fb800
R15=0x00007fb3e79fba00 is an unknown value


Registers:
RAX=0x0000000131a63d5b, RBX=0x00007fb3e79f3610, RCX=0x0000000000000047, RDX=0x00007fb3e79f3600
RSP=0x000070000ee268f0, RBP=0x000070000ee26920, RSI=0x00007fb3eaca1f70, RDI=0x00007fb3e79fba00
R8 =0x0000000000006c01, R9 =0xffffffff00000000, R10=0x000000011d627678, R11=0x0000000000000020
R12=0x00007fb3e79f3608, R13=0x0000000000000002, R14=0x000070000ee26ab0, R15=0x00007fb3e79fba00
RIP=0x0000000131a3e447, EFLAGS=0x0000000000010202, ERR=0x0000000000000004
  TRAPNO=0x000000000000000e

Top of Stack: (sp=0x000070000ee268f0)
0x000070000ee268f0:   0000000131a63d5b 00007fb3e79f3610
0x000070000ee26900:   00007fb3e79f3608 00007fb3e79f3620
0x000070000ee26910:   000070000ee26ab0 00007fb3eaca1f70
0x000070000ee26920:   000070000ee269a0 0000000131a63d83
0x000070000ee26930:   00007fb3e79fb800 0000000000000064
0x000070000ee26940:   000070000ee269b0 000000010b60d7cb
0x000070000ee26950:   000070000ee26970 0000000100000005
0x000070000ee26960:   00007fb3e79fb800 00000000e79fb801
0x000070000ee26970:   00007fb3e79fba00 0000000134c4fea8
0x000070000ee26980:   0000000000000000 000070000ee26a28
0x000070000ee26990:   000070000ee26ab0 00007fb3e79fb800
0x000070000ee269a0:   000070000ee269f0 000000011d6276ed
0x000070000ee269b0:   00000006c01c5dd8 000000011d5c7d6b
0x000070000ee269c0:   00000006c01b7cd0 000000011d5ca769
0x000070000ee269d0:   00000006c01b7cd0 00000001790f2ea7
0x000070000ee269e0:   000070000ee26a28 00000001790f2f30
0x000070000ee269f0:   00000006c01c5dd8 000000011d8137f0
0x000070000ee26a00:   000070000ee26a88 0000000115a7ac43
0x000070000ee26a10:   000070000ee26a88 0000000115a7ac43
0x000070000ee26a20:   0000000115a7ac43 00000006c01c5dd8
0x000070000ee26a30:   0000000000000001 00000006c01b7cd0
0x000070000ee26a40:   000070000ee26a30 0000000134c540d9
0x000070000ee26a50:   000070000ee26ab0 0000000134c545d8
0x000070000ee26a60:   0000000179071268 00000006c01692e8
0x000070000ee26a70:   0000000134c54218 000070000ee26a28
0x000070000ee26a80:   000070000ee26ab0 000070000ee26b08
0x000070000ee26a90:   0000000115a7ac88 0000000000000000
0x000070000ee26aa0:   0000000000000000 deaddeaf00000000
0x000070000ee26ab0:   00000006c01b7cd0 00000006c01b7cd0
0x000070000ee26ac0:   000070000ee26ac0 00000001310351db
0x000070000ee26ad0:   000070000ee26b18 0000000131112d80
0x000070000ee26ae0:   0000000000000000 00000006c019c650 

Instructions: (pc=0x0000000131a3e447)
0x0000000131a3e427:   c3 55 48 89 e5 41 57 41 56 41 55 41 54 53 50 49
0x0000000131a3e437:   89 ff 48 85 f6 74 57 4c 8b 6e 10 4d 85 ed 74 57
0x0000000131a3e447:   49 8b 5d 00 31 c0 e8 08 f4 02 00 49 89 c6 48 8b
0x0000000131a3e457:   3b 48 8b 35 f1 77 06 00 ff 15 c3 b0 05 00 48 85 


---------------  P R O C E S S  ---------------

Threads class SMR info:
_java_thread_list=0x00007fb3ebd2da50, length=19, elements={
0x00007fb3e50a8000, 0x00007fb3e5094800, 0x00007fb3e50a9000, 0x00007fb3e50a9800,
0x00007fb3e5814000, 0x00007fb3e5817000, 0x00007fb3e5824800, 0x00007fb3e8009800,
0x00007fb3e703d000, 0x00007fb3e70c5000, 0x00007fb3e580c800, 0x00007fb3e790e800,
0x00007fb3e79fb800, 0x00007fb3e79c9000, 0x00007fb3e52ea000, 0x00007fb3e53af800,
0x00007fb3e7fc7000, 0x00007fb3e7f66800, 0x00007fb3e7805000
}

Java Threads: ( => current thread )
  0x00007fb3e50a8000 JavaThread "Reference Handler" daemon [_thread_blocked, id=22531, stack(0x000070000ddf1000,0x000070000def1000)]
  0x00007fb3e5094800 JavaThread "Finalizer" daemon [_thread_blocked, id=22787, stack(0x000070000def4000,0x000070000dff4000)]
  0x00007fb3e50a9000 JavaThread "Signal Dispatcher" daemon [_thread_blocked, id=24067, stack(0x000070000dff7000,0x000070000e0f7000)]
  0x00007fb3e50a9800 JavaThread "C2 CompilerThread0" daemon [_thread_blocked, id=40195, stack(0x000070000e0fa000,0x000070000e1fa000)]
  0x00007fb3e5814000 JavaThread "C2 CompilerThread1" daemon [_thread_blocked, id=25091, stack(0x000070000e1fd000,0x000070000e2fd000)]
  0x00007fb3e5817000 JavaThread "C2 CompilerThread2" daemon [_thread_blocked, id=39683, stack(0x000070000e300000,0x000070000e400000)]
  0x00007fb3e5824800 JavaThread "C1 CompilerThread3" daemon [_thread_blocked, id=26115, stack(0x000070000e403000,0x000070000e503000)]
  0x00007fb3e8009800 JavaThread "Sweeper thread" daemon [_thread_blocked, id=26627, stack(0x000070000e506000,0x000070000e606000)]
  0x00007fb3e703d000 JavaThread "Service Thread" daemon [_thread_blocked, id=38915, stack(0x000070000e609000,0x000070000e709000)]
  0x00007fb3e70c5000 JavaThread "Common-Cleaner" daemon [_thread_blocked, id=38403, stack(0x000070000e80f000,0x000070000e90f000)]
  0x00007fb3e580c800 JavaThread "AppKit Thread" daemon [_thread_in_native, id=775, stack(0x00007ffee532c000,0x00007ffee5b2c000)]
  0x00007fb3e790e800 JavaThread "AWT-Shutdown" [_thread_blocked, id=44035, stack(0x000070000e912000,0x000070000ea12000)]
=>0x00007fb3e79fb800 JavaThread "Java2D Queue Flusher" daemon [_thread_in_native, id=71947, stack(0x000070000ed27000,0x000070000ee27000)]
  0x00007fb3e79c9000 JavaThread "Java2D Disposer" daemon [_thread_blocked, id=69379, stack(0x000070000ee2a000,0x000070000ef2a000)]
  0x00007fb3e52ea000 JavaThread "AWT-EventQueue-0" [_thread_blocked, id=66703, stack(0x000070000f030000,0x000070000f130000)]
  0x00007fb3e53af800 JavaThread "SwingWorker-pool-1-thread-1" daemon [_thread_blocked, id=89123, stack(0x000070000f133000,0x000070000f233000)]
  0x00007fb3e7fc7000 JavaThread "TimerQueue" daemon [_thread_blocked, id=89347, stack(0x000070000f236000,0x000070000f336000)]
  0x00007fb3e7f66800 JavaThread "SwingWorker-pool-1-thread-2" daemon [_thread_blocked, id=89603, stack(0x000070000f339000,0x000070000f439000)]
  0x00007fb3e7805000 JavaThread "DestroyJavaVM" [_thread_blocked, id=9475, stack(0x000070000c7af000,0x000070000c8af000)]

Other Threads:
  0x00007fb3e580a800 VMThread "VM Thread" [stack: 0x000070000dcee000,0x000070000ddee000] [id=43267]
  0x00007fb3e5818000 WatcherThread [stack: 0x000070000e70c000,0x000070000e80c000] [id=27395]
  0x00007fb3e780e800 GCTaskThread "GC Thread#0" [stack: 0x000070000c8b2000,0x000070000c9b2000] [id=21251]
  0x00007fb3e7813000 GCTaskThread "GC Thread#1" [stack: 0x000070000c9b5000,0x000070000cab5000] [id=11267]
  0x00007fb3e8000000 GCTaskThread "GC Thread#2" [stack: 0x000070000cab8000,0x000070000cbb8000] [id=11779]
  0x00007fb3e8800000 GCTaskThread "GC Thread#3" [stack: 0x000070000cbbb000,0x000070000ccbb000] [id=20483]
  0x00007fb3e7001000 GCTaskThread "GC Thread#4" [stack: 0x000070000ccbe000,0x000070000cdbe000] [id=12035]
  0x00007fb3e7813800 GCTaskThread "GC Thread#5" [stack: 0x000070000cdc1000,0x000070000cec1000] [id=19715]
  0x00007fb3e7814800 GCTaskThread "GC Thread#6" [stack: 0x000070000cec4000,0x000070000cfc4000] [id=19459]
  0x00007fb3e7815000 GCTaskThread "GC Thread#7" [stack: 0x000070000cfc7000,0x000070000d0c7000] [id=18947]
  0x00007fb3e702e800 ConcurrentGCThread "G1 Main Marker" [stack: 0x000070000d0ca000,0x000070000d1ca000] [id=18435]
  0x00007fb3e702f800 ConcurrentGCThread "G1 Conc#0" [stack: 0x000070000d1cd000,0x000070000d2cd000] [id=17923]
  0x00007fb3e5806000 ConcurrentGCThread "G1 Conc#1" [stack: 0x000070000d2d0000,0x000070000d3d0000] [id=13059]
  0x00007fb3e508d800 ConcurrentGCThread "G1 Refine#0" [stack: 0x000070000d3d3000,0x000070000d4d3000] [id=13571]
  0x00007fb3e9000000 ConcurrentGCThread "G1 Refine#1" [stack: 0x000070000d4d6000,0x000070000d5d6000] [id=17155]
  0x00007fb3e6001000 ConcurrentGCThread "G1 Refine#2" [stack: 0x000070000d5d9000,0x000070000d6d9000] [id=14083]
  0x00007fb3e8001000 ConcurrentGCThread "G1 Refine#3" [stack: 0x000070000d6dc000,0x000070000d7dc000] [id=16899]
  0x00007fb3e7030000 ConcurrentGCThread "G1 Refine#4" [stack: 0x000070000d7df000,0x000070000d8df000] [id=16387]
  0x00007fb3e7031000 ConcurrentGCThread "G1 Refine#5" [stack: 0x000070000d8e2000,0x000070000d9e2000] [id=14595]
  0x00007fb3e7815800 ConcurrentGCThread "G1 Refine#6" [stack: 0x000070000d9e5000,0x000070000dae5000] [id=14851]
  0x00007fb3e7031800 ConcurrentGCThread "G1 Refine#7" [stack: 0x000070000dae8000,0x000070000dbe8000] [id=15619]
  0x00007fb3e7032800 ConcurrentGCThread "G1 Young RemSet Sampling" [stack: 0x000070000dbeb000,0x000070000dceb000] [id=21763]

Threads with active compile tasks:

VM state:not at safepoint (normal execution)

VM Mutex/Monitor currently owned by a thread: None

Heap address: 0x00000006c0000000, size: 4096 MB, Compressed Oops mode: Zero based, Oop shift amount: 3
Narrow klass base: 0x0000000000000000, Narrow klass shift: 3
Compressed class space size: 1073741824 Address: 0x00000007c0000000

Heap:
 garbage-first heap   total 262144K, used 33298K [0x00000006c0000000, 0x00000007c0000000)
  region size 1024K, 10 young (10240K), 8 survivors (8192K)
 Metaspace       used 26017K, capacity 26604K, committed 26880K, reserved 1073152K
  class space    used 2766K, capacity 3038K, committed 3072K, reserved 1048576K
Heap Regions: E=young(eden), S=young(survivor), O=old, HS=humongous(starts), HC=humongous(continues), CS=collection set, F=free, A=archive, TS=gc time stamp, AC=allocation context, TAMS=top-at-mark-start (previous, next)
|   0|0x00000006c0000000, 0x00000006c0100000, 0x00000006c0100000|100%| O|  |TS  0|AC  0|TAMS 0x00000006c0100000, 0x00000006c0100000|
|   1|0x00000006c0100000, 0x00000006c0200000, 0x00000006c0200000|100%| O|  |TS  0|AC  0|TAMS 0x00000006c0200000, 0x00000006c0200000|
|   2|0x00000006c0200000, 0x00000006c0300000, 0x00000006c0300000|100%| O|  |TS  0|AC  0|TAMS 0x00000006c0300000, 0x00000006c0300000|
|   3|0x00000006c0300000, 0x00000006c0400000, 0x00000006c0400000|100%| O|  |TS  0|AC  0|TAMS 0x00000006c0400000, 0x00000006c0400000|
|   4|0x00000006c0400000, 0x00000006c0500000, 0x00000006c0500000|100%| O|  |TS  1|AC  0|TAMS 0x00000006c0406400, 0x00000006c0406400|
|   5|0x00000006c0500000, 0x00000006c0600000, 0x00000006c0600000|100%| O|  |TS  1|AC  0|TAMS 0x00000006c0500000, 0x00000006c0500000|
|   6|0x00000006c0600000, 0x00000006c0700000, 0x00000006c0700000|100%| O|  |TS  1|AC  0|TAMS 0x00000006c0600000, 0x00000006c0600000|
|   7|0x00000006c0700000, 0x00000006c0800000, 0x00000006c0800000|100%| O|  |TS  1|AC  0|TAMS 0x00000006c0700000, 0x00000006c0700000|
|   8|0x00000006c0800000, 0x00000006c0900000, 0x00000006c0900000|100%| O|  |TS  1|AC  0|TAMS 0x00000006c0800000, 0x00000006c0800000|
|   9|0x00000006c0900000, 0x00000006c0a00000, 0x00000006c0a00000|100%| O|  |TS  1|AC  0|TAMS 0x00000006c0900000, 0x00000006c0900000|
|  10|0x00000006c0a00000, 0x00000006c0b00000, 0x00000006c0b00000|100%|HS|  |TS  0|AC  0|TAMS 0x00000006c0a00000, 0x00000006c0a00000|
|  11|0x00000006c0b00000, 0x00000006c0c00000, 0x00000006c0c00000|100%|HC|  |TS  0|AC  0|TAMS 0x00000006c0b00000, 0x00000006c0b00000|
|  12|0x00000006c0c00000, 0x00000006c0d00000, 0x00000006c0d00000|100%|HC|  |TS  0|AC  0|TAMS 0x00000006c0c00000, 0x00000006c0c00000|
|  13|0x00000006c0d00000, 0x00000006c0e00000, 0x00000006c0e00000|100%|HC|  |TS  0|AC  0|TAMS 0x00000006c0d00000, 0x00000006c0d00000|
|  14|0x00000006c0e00000, 0x00000006c0f00000, 0x00000006c0f00000|100%|HC|  |TS  0|AC  0|TAMS 0x00000006c0e00000, 0x00000006c0e00000|
|  15|0x00000006c0f00000, 0x00000006c1000000, 0x00000006c1000000|100%|HC|  |TS  0|AC  0|TAMS 0x00000006c0f00000, 0x00000006c0f00000|
|  16|0x00000006c1000000, 0x00000006c1100000, 0x00000006c1100000|100%|HC|  |TS  0|AC  0|TAMS 0x00000006c1000000, 0x00000006c1000000|
|  17|0x00000006c1100000, 0x00000006c1200000, 0x00000006c1200000|100%|HC|  |TS  0|AC  0|TAMS 0x00000006c1100000, 0x00000006c1100000|
|  18|0x00000006c1200000, 0x00000006c1300000, 0x00000006c1300000|100%|HC|  |TS  0|AC  0|TAMS 0x00000006c1200000, 0x00000006c1200000|
|  19|0x00000006c1300000, 0x00000006c1400000, 0x00000006c1400000|100%|HC|  |TS  0|AC  0|TAMS 0x00000006c1300000, 0x00000006c1300000|
|  20|0x00000006c1400000, 0x00000006c1500000, 0x00000006c1500000|100%|HC|  |TS  0|AC  0|TAMS 0x00000006c1400000, 0x00000006c1400000|
|  21|0x00000006c1500000, 0x00000006c1600000, 0x00000006c1600000|100%| O|  |TS  4|AC  0|TAMS 0x00000006c1500000, 0x00000006c1500000|
|  22|0x00000006c1600000, 0x00000006c1700000, 0x00000006c1700000|100%| O|  |TS  4|AC  0|TAMS 0x00000006c1600000, 0x00000006c1600000|
|  23|0x00000006c1700000, 0x00000006c17b5000, 0x00000006c1800000| 70%| O|  |TS  4|AC  0|TAMS 0x00000006c1700000, 0x00000006c1700000|
|  24|0x00000006c1800000, 0x00000006c1800000, 0x00000006c1900000|  0%| F|  |TS  0|AC  0|TAMS 0x00000006c1800000, 0x00000006c1800000|
|  25|0x00000006c1900000, 0x00000006c1900000, 0x00000006c1a00000|  0%| F|  |TS  0|AC  0|TAMS 0x00000006c1900000, 0x00000006c1900000|
|  26|0x00000006c1a00000, 0x00000006c1a00000, 0x00000006c1b00000|  0%| F|  |TS  0|AC  0|TAMS 0x00000006c1a00000, 0x00000006c1a00000|
|  27|0x00000006c1b00000, 0x00000006c1b00000, 0x00000006c1c00000|  0%| F|  |TS  0|AC  0|TAMS 0x00000006c1b00000, 0x00000006c1b00000|
|  28|0x00000006c1c00000, 0x00000006c1c00000, 0x00000006c1d00000|  0%| F|  |TS  0|AC  0|TAMS 0x00000006c1c00000, 0x00000006c1c00000|
|  29|0x00000006c1d00000, 0x00000006c1d00000, 0x00000006c1e00000|  0%| F|  |TS  0|AC  0|TAMS 0x00000006c1d00000, 0x00000006c1d00000|
|  30|0x00000006c1e00000, 0x00000006c1e00000, 0x00000006c1f00000|  0%| F|  |TS  0|AC  0|TAMS 0x00000006c1e00000, 0x00000006c1e00000|
|  31|0x00000006c1f00000, 0x00000006c1f00000, 0x00000006c2000000|  0%| F|  |TS  0|AC  0|TAMS 0x00000006c1f00000, 0x00000006c1f00000|
|  32|0x00000006c2000000, 0x00000006c2000000, 0x00000006c2100000|  0%| F|  |TS  0|AC  0|TAMS 0x00000006c2000000, 0x00000006c2000000|
|  33|0x00000006c2100000, 0x00000006c2100000, 0x00000006c2200000|  0%| F|  |TS  0|AC  0|TAMS 0x00000006c2100000, 0x00000006c2100000|
|  34|0x00000006c2200000, 0x00000006c2200000, 0x00000006c2300000|  0%| F|  |TS  0|AC  0|TAMS 0x00000006c2200000, 0x00000006c2200000|
|  35|0x00000006c2300000, 0x00000006c2300000, 0x00000006c2400000|  0%| F|  |TS  0|AC  0|TAMS 0x00000006c2300000, 0x00000006c2300000|
|  36|0x00000006c2400000, 0x00000006c2400000, 0x00000006c2500000|  0%| F|  |TS  0|AC  0|TAMS 0x00000006c2400000, 0x00000006c2400000|
|  37|0x00000006c2500000, 0x00000006c2500000, 0x00000006c2600000|  0%| F|  |TS  0|AC  0|TAMS 0x00000006c2500000, 0x00000006c2500000|
|  38|0x00000006c2600000, 0x00000006c2600000, 0x00000006c2700000|  0%| F|  |TS  0|AC  0|TAMS 0x00000006c2600000, 0x00000006c2600000|
|  39|0x00000006c2700000, 0x00000006c2700000, 0x00000006c2800000|  0%| F|  |TS  0|AC  0|TAMS 0x00000006c2700000, 0x00000006c2700000|
|  40|0x00000006c2800000, 0x00000006c2800000, 0x00000006c2900000|  0%| F|  |TS  0|AC  0|TAMS 0x00000006c2800000, 0x00000006c2800000|
|  41|0x00000006c2900000, 0x00000006c2900000, 0x00000006c2a00000|  0%| F|  |TS  0|AC  0|TAMS 0x00000006c2900000, 0x00000006c2900000|
|  42|0x00000006c2a00000, 0x00000006c2a00000, 0x00000006c2b00000|  0%| F|  |TS  0|AC  0|TAMS 0x00000006c2a00000, 0x00000006c2a00000|
|  43|0x00000006c2b00000, 0x00000006c2b00000, 0x00000006c2c00000|  0%| F|  |TS  0|AC  0|TAMS 0x00000006c2b00000, 0x00000006c2b00000|
|  44|0x00000006c2c00000, 0x00000006c2c00000, 0x00000006c2d00000|  0%| F|  |TS  0|AC  0|TAMS 0x00000006c2c00000, 0x00000006c2c00000|
|  45|0x00000006c2d00000, 0x00000006c2d00000, 0x00000006c2e00000|  0%| F|  |TS  0|AC  0|TAMS 0x00000006c2d00000, 0x00000006c2d00000|
|  46|0x00000006c2e00000, 0x00000006c2e00000, 0x00000006c2f00000|  0%| F|  |TS  0|AC  0|TAMS 0x00000006c2e00000, 0x00000006c2e00000|
|  47|0x00000006c2f00000, 0x00000006c2f00000, 0x00000006c3000000|  0%| F|  |TS  0|AC  0|TAMS 0x00000006c2f00000, 0x00000006c2f00000|
|  48|0x00000006c3000000, 0x00000006c3000000, 0x00000006c3100000|  0%| F|  |TS  0|AC  0|TAMS 0x00000006c3000000, 0x00000006c3000000|
|  49|0x00000006c3100000, 0x00000006c3100000, 0x00000006c3200000|  0%| F|  |TS  0|AC  0|TAMS 0x00000006c3100000, 0x00000006c3100000|
|  50|0x00000006c3200000, 0x00000006c3200000, 0x00000006c3300000|  0%| F|  |TS  0|AC  0|TAMS 0x00000006c3200000, 0x00000006c3200000|
|  51|0x00000006c3300000, 0x00000006c3300000, 0x00000006c3400000|  0%| F|  |TS  0|AC  0|TAMS 0x00000006c3300000, 0x00000006c3300000|
|  52|0x00000006c3400000, 0x00000006c3400000, 0x00000006c3500000|  0%| F|  |TS  0|AC  0|TAMS 0x00000006c3400000, 0x00000006c3400000|
|  53|0x00000006c3500000, 0x00000006c3500000, 0x00000006c3600000|  0%| F|  |TS  0|AC  0|TAMS 0x00000006c3500000, 0x00000006c3500000|
|  54|0x00000006c3600000, 0x00000006c3600000, 0x00000006c3700000|  0%| F|  |TS  0|AC  0|TAMS 0x00000006c3600000, 0x00000006c3600000|
|  55|0x00000006c3700000, 0x00000006c3700000, 0x00000006c3800000|  0%| F|  |TS  0|AC  0|TAMS 0x00000006c3700000, 0x00000006c3700000|
|  56|0x00000006c3800000, 0x00000006c3800000, 0x00000006c3900000|  0%| F|  |TS  0|AC  0|TAMS 0x00000006c3800000, 0x00000006c3800000|
|  57|0x00000006c3900000, 0x00000006c3900000, 0x00000006c3a00000|  0%| F|  |TS  0|AC  0|TAMS 0x00000006c3900000, 0x00000006c3900000|
|  58|0x00000006c3a00000, 0x00000006c3a00000, 0x00000006c3b00000|  0%| F|  |TS  0|AC  0|TAMS 0x00000006c3a00000, 0x00000006c3a00000|
|  59|0x00000006c3b00000, 0x00000006c3b00000, 0x00000006c3c00000|  0%| F|  |TS  0|AC  0|TAMS 0x00000006c3b00000, 0x00000006c3b00000|
|  60|0x00000006c3c00000, 0x00000006c3c00000, 0x00000006c3d00000|  0%| F|  |TS  0|AC  0|TAMS 0x00000006c3c00000, 0x00000006c3c00000|
|  61|0x00000006c3d00000, 0x00000006c3d00000, 0x00000006c3e00000|  0%| F|  |TS  0|AC  0|TAMS 0x00000006c3d00000, 0x00000006c3d00000|
|  62|0x00000006c3e00000, 0x00000006c3e00000, 0x00000006c3f00000|  0%| F|  |TS  0|AC  0|TAMS 0x00000006c3e00000, 0x00000006c3e00000|
|  63|0x00000006c3f00000, 0x00000006c3f00000, 0x00000006c4000000|  0%| F|  |TS  0|AC  0|TAMS 0x00000006c3f00000, 0x00000006c3f00000|
|  64|0x00000006c4000000, 0x00000006c4000000, 0x00000006c4100000|  0%| F|  |TS  0|AC  0|TAMS 0x00000006c4000000, 0x00000006c4000000|
|  65|0x00000006c4100000, 0x00000006c4100000, 0x00000006c4200000|  0%| F|  |TS  0|AC  0|TAMS 0x00000006c4100000, 0x00000006c4100000|
|  66|0x00000006c4200000, 0x00000006c4200000, 0x00000006c4300000|  0%| F|  |TS  0|AC  0|TAMS 0x00000006c4200000, 0x00000006c4200000|
|  67|0x00000006c4300000, 0x00000006c4300000, 0x00000006c4400000|  0%| F|  |TS  0|AC  0|TAMS 0x00000006c4300000, 0x00000006c4300000|
|  68|0x00000006c4400000, 0x00000006c4400000, 0x00000006c4500000|  0%| F|  |TS  0|AC  0|TAMS 0x00000006c4400000, 0x00000006c4400000|
|  69|0x00000006c4500000, 0x00000006c4500000, 0x00000006c4600000|  0%| F|  |TS  0|AC  0|TAMS 0x00000006c4500000, 0x00000006c4500000|
|  70|0x00000006c4600000, 0x00000006c4600000, 0x00000006c4700000|  0%| F|  |TS  0|AC  0|TAMS 0x00000006c4600000, 0x00000006c4600000|
|  71|0x00000006c4700000, 0x00000006c4700000, 0x00000006c4800000|  0%| F|  |TS  0|AC  0|TAMS 0x00000006c4700000, 0x00000006c4700000|
|  72|0x00000006c4800000, 0x00000006c4800000, 0x00000006c4900000|  0%| F|  |TS  0|AC  0|TAMS 0x00000006c4800000, 0x00000006c4800000|
|  73|0x00000006c4900000, 0x00000006c4900000, 0x00000006c4a00000|  0%| F|  |TS  0|AC  0|TAMS 0x00000006c4900000, 0x00000006c4900000|
|  74|0x00000006c4a00000, 0x00000006c4a00000, 0x00000006c4b00000|  0%| F|  |TS  0|AC  0|TAMS 0x00000006c4a00000, 0x00000006c4a00000|
|  75|0x00000006c4b00000, 0x00000006c4b00000, 0x00000006c4c00000|  0%| F|  |TS  0|AC  0|TAMS 0x00000006c4b00000, 0x00000006c4b00000|
|  76|0x00000006c4c00000, 0x00000006c4c00000, 0x00000006c4d00000|  0%| F|  |TS  0|AC  0|TAMS 0x00000006c4c00000, 0x00000006c4c00000|
|  77|0x00000006c4d00000, 0x00000006c4d00000, 0x00000006c4e00000|  0%| F|  |TS  0|AC  0|TAMS 0x00000006c4d00000, 0x00000006c4d00000|
|  78|0x00000006c4e00000, 0x00000006c4e00000, 0x00000006c4f00000|  0%| F|  |TS  0|AC  0|TAMS 0x00000006c4e00000, 0x00000006c4e00000|
|  79|0x00000006c4f00000, 0x00000006c4f00000, 0x00000006c5000000|  0%| F|  |TS  0|AC  0|TAMS 0x00000006c4f00000, 0x00000006c4f00000|
|  80|0x00000006c5000000, 0x00000006c5000000, 0x00000006c5100000|  0%| F|  |TS  0|AC  0|TAMS 0x00000006c5000000, 0x00000006c5000000|
|  81|0x00000006c5100000, 0x00000006c5100000, 0x00000006c5200000|  0%| F|  |TS  0|AC  0|TAMS 0x00000006c5100000, 0x00000006c5100000|
|  82|0x00000006c5200000, 0x00000006c5200000, 0x00000006c5300000|  0%| F|  |TS  0|AC  0|TAMS 0x00000006c5200000, 0x00000006c5200000|
|  83|0x00000006c5300000, 0x00000006c5300000, 0x00000006c5400000|  0%| F|  |TS  0|AC  0|TAMS 0x00000006c5300000, 0x00000006c5300000|
|  84|0x00000006c5400000, 0x00000006c5400000, 0x00000006c5500000|  0%| F|  |TS  0|AC  0|TAMS 0x00000006c5400000, 0x00000006c5400000|
|  85|0x00000006c5500000, 0x00000006c5500000, 0x00000006c5600000|  0%| F|  |TS  0|AC  0|TAMS 0x00000006c5500000, 0x00000006c5500000|
|  86|0x00000006c5600000, 0x00000006c5600000, 0x00000006c5700000|  0%| F|  |TS  0|AC  0|TAMS 0x00000006c5600000, 0x00000006c5600000|
|  87|0x00000006c5700000, 0x00000006c5700000, 0x00000006c5800000|  0%| F|  |TS  0|AC  0|TAMS 0x00000006c5700000, 0x00000006c5700000|
|  88|0x00000006c5800000, 0x00000006c5800000, 0x00000006c5900000|  0%| F|  |TS  0|AC  0|TAMS 0x00000006c5800000, 0x00000006c5800000|
|  89|0x00000006c5900000, 0x00000006c5900000, 0x00000006c5a00000|  0%| F|  |TS  0|AC  0|TAMS 0x00000006c5900000, 0x00000006c5900000|
|  90|0x00000006c5a00000, 0x00000006c5a00000, 0x00000006c5b00000|  0%| F|  |TS  0|AC  0|TAMS 0x00000006c5a00000, 0x00000006c5a00000|
|  91|0x00000006c5b00000, 0x00000006c5b00000, 0x00000006c5c00000|  0%| F|  |TS  4|AC  0|TAMS 0x00000006c5b00000, 0x00000006c5b00000|
|  92|0x00000006c5c00000, 0x00000006c5c00000, 0x00000006c5d00000|  0%| F|  |TS  4|AC  0|TAMS 0x00000006c5c00000, 0x00000006c5c00000|
|  93|0x00000006c5d00000, 0x00000006c5d00000, 0x00000006c5e00000|  0%| F|  |TS  3|AC  0|TAMS 0x00000006c5d00000, 0x00000006c5d00000|
|  94|0x00000006c5e00000, 0x00000006c5e00000, 0x00000006c5f00000|  0%| F|  |TS  3|AC  0|TAMS 0x00000006c5e00000, 0x00000006c5e00000|
|  95|0x00000006c5f00000, 0x00000006c5f00000, 0x00000006c6000000|  0%| F|  |TS  3|AC  0|TAMS 0x00000006c5f00000, 0x00000006c5f00000|
|  96|0x00000006c6000000, 0x00000006c6000000, 0x00000006c6100000|  0%| F|  |TS  3|AC  0|TAMS 0x00000006c6000000, 0x00000006c6000000|
|  97|0x00000006c6100000, 0x00000006c61cfaa0, 0x00000006c6200000| 81%| S|CS|TS  4|AC  0|TAMS 0x00000006c6100000, 0x00000006c6100000|
|  98|0x00000006c6200000, 0x00000006c6300000, 0x00000006c6300000|100%| S|CS|TS  4|AC  0|TAMS 0x00000006c6200000, 0x00000006c6200000|
|  99|0x00000006c6300000, 0x00000006c6400000, 0x00000006c6400000|100%| S|CS|TS  4|AC  0|TAMS 0x00000006c6300000, 0x00000006c6300000|
| 100|0x00000006c6400000, 0x00000006c6500000, 0x00000006c6500000|100%| S|CS|TS  4|AC  0|TAMS 0x00000006c6400000, 0x00000006c6400000|
| 101|0x00000006c6500000, 0x00000006c6600000, 0x00000006c6600000|100%| S|CS|TS  4|AC  0|TAMS 0x00000006c6500000, 0x00000006c6500000|
| 102|0x00000006c6600000, 0x00000006c6700000, 0x00000006c6700000|100%| S|CS|TS  4|AC  0|TAMS 0x00000006c6600000, 0x00000006c6600000|
| 103|0x00000006c6700000, 0x00000006c6800000, 0x00000006c6800000|100%| S|CS|TS  4|AC  0|TAMS 0x00000006c6700000, 0x00000006c6700000|
| 104|0x00000006c6800000, 0x00000006c6900000, 0x00000006c6900000|100%| S|CS|TS  4|AC  0|TAMS 0x00000006c6800000, 0x00000006c6800000|
| 105|0x00000006c6900000, 0x00000006c6900000, 0x00000006c6a00000|  0%| F|  |TS  4|AC  0|TAMS 0x00000006c6900000, 0x00000006c6900000|
| 106|0x00000006c6a00000, 0x00000006c6a00000, 0x00000006c6b00000|  0%| F|  |TS  4|AC  0|TAMS 0x00000006c6a00000, 0x00000006c6a00000|
| 107|0x00000006c6b00000, 0x00000006c6b00000, 0x00000006c6c00000|  0%| F|  |TS  4|AC  0|TAMS 0x00000006c6b00000, 0x00000006c6b00000|
| 108|0x00000006c6c00000, 0x00000006c6c00000, 0x00000006c6d00000|  0%| F|  |TS  4|AC  0|TAMS 0x00000006c6c00000, 0x00000006c6c00000|
| 109|0x00000006c6d00000, 0x00000006c6d00000, 0x00000006c6e00000|  0%| F|  |TS  4|AC  0|TAMS 0x00000006c6d00000, 0x00000006c6d00000|
| 110|0x00000006c6e00000, 0x00000006c6e00000, 0x00000006c6f00000|  0%| F|  |TS  4|AC  0|TAMS 0x00000006c6e00000, 0x00000006c6e00000|
| 111|0x00000006c6f00000, 0x00000006c6f00000, 0x00000006c7000000|  0%| F|  |TS  4|AC  0|TAMS 0x00000006c6f00000, 0x00000006c6f00000|
| 112|0x00000006c7000000, 0x00000006c7000000, 0x00000006c7100000|  0%| F|  |TS  4|AC  0|TAMS 0x00000006c7000000, 0x00000006c7000000|
| 113|0x00000006c7100000, 0x00000006c7100000, 0x00000006c7200000|  0%| F|  |TS  4|AC  0|TAMS 0x00000006c7100000, 0x00000006c7100000|
| 114|0x00000006c7200000, 0x00000006c7200000, 0x00000006c7300000|  0%| F|  |TS  4|AC  0|TAMS 0x00000006c7200000, 0x00000006c7200000|
| 115|0x00000006c7300000, 0x00000006c7300000, 0x00000006c7400000|  0%| F|  |TS  4|AC  0|TAMS 0x00000006c7300000, 0x00000006c7300000|
| 116|0x00000006c7400000, 0x00000006c7400000, 0x00000006c7500000|  0%| F|  |TS  4|AC  0|TAMS 0x00000006c7400000, 0x00000006c7400000|
| 117|0x00000006c7500000, 0x00000006c7500000, 0x00000006c7600000|  0%| F|  |TS  4|AC  0|TAMS 0x00000006c7500000, 0x00000006c7500000|
| 118|0x00000006c7600000, 0x00000006c7600000, 0x00000006c7700000|  0%| F|  |TS  4|AC  0|TAMS 0x00000006c7600000, 0x00000006c7600000|
| 119|0x00000006c7700000, 0x00000006c7700000, 0x00000006c7800000|  0%| F|  |TS  4|AC  0|TAMS 0x00000006c7700000, 0x00000006c7700000|
| 120|0x00000006c7800000, 0x00000006c7800000, 0x00000006c7900000|  0%| F|  |TS  4|AC  0|TAMS 0x00000006c7800000, 0x00000006c7800000|
| 121|0x00000006c7900000, 0x00000006c7900000, 0x00000006c7a00000|  0%| F|  |TS  4|AC  0|TAMS 0x00000006c7900000, 0x00000006c7900000|
| 122|0x00000006c7a00000, 0x00000006c7a00000, 0x00000006c7b00000|  0%| F|  |TS  4|AC  0|TAMS 0x00000006c7a00000, 0x00000006c7a00000|
| 123|0x00000006c7b00000, 0x00000006c7b00000, 0x00000006c7c00000|  0%| F|  |TS  4|AC  0|TAMS 0x00000006c7b00000, 0x00000006c7b00000|
| 124|0x00000006c7c00000, 0x00000006c7c00000, 0x00000006c7d00000|  0%| F|  |TS  4|AC  0|TAMS 0x00000006c7c00000, 0x00000006c7c00000|
| 125|0x00000006c7d00000, 0x00000006c7d00000, 0x00000006c7e00000|  0%| F|  |TS  4|AC  0|TAMS 0x00000006c7d00000, 0x00000006c7d00000|
| 126|0x00000006c7e00000, 0x00000006c7e00000, 0x00000006c7f00000|  0%| F|  |TS  4|AC  0|TAMS 0x00000006c7e00000, 0x00000006c7e00000|
| 127|0x00000006c7f00000, 0x00000006c7f00000, 0x00000006c8000000|  0%| F|  |TS  4|AC  0|TAMS 0x00000006c7f00000, 0x00000006c7f00000|
| 128|0x00000006c8000000, 0x00000006c8000000, 0x00000006c8100000|  0%| F|  |TS  4|AC  0|TAMS 0x00000006c8000000, 0x00000006c8000000|
| 129|0x00000006c8100000, 0x00000006c8100000, 0x00000006c8200000|  0%| F|  |TS  4|AC  0|TAMS 0x00000006c8100000, 0x00000006c8100000|
| 130|0x00000006c8200000, 0x00000006c8200000, 0x00000006c8300000|  0%| F|  |TS  4|AC  0|TAMS 0x00000006c8200000, 0x00000006c8200000|
| 131|0x00000006c8300000, 0x00000006c8300000, 0x00000006c8400000|  0%| F|  |TS  4|AC  0|TAMS 0x00000006c8300000, 0x00000006c8300000|
| 132|0x00000006c8400000, 0x00000006c8400000, 0x00000006c8500000|  0%| F|  |TS  4|AC  0|TAMS 0x00000006c8400000, 0x00000006c8400000|
| 133|0x00000006c8500000, 0x00000006c8500000, 0x00000006c8600000|  0%| F|  |TS  4|AC  0|TAMS 0x00000006c8500000, 0x00000006c8500000|
| 134|0x00000006c8600000, 0x00000006c8600000, 0x00000006c8700000|  0%| F|  |TS  4|AC  0|TAMS 0x00000006c8600000, 0x00000006c8600000|
| 135|0x00000006c8700000, 0x00000006c8700000, 0x00000006c8800000|  0%| F|  |TS  4|AC  0|TAMS 0x00000006c8700000, 0x00000006c8700000|
| 136|0x00000006c8800000, 0x00000006c8800000, 0x00000006c8900000|  0%| F|  |TS  4|AC  0|TAMS 0x00000006c8800000, 0x00000006c8800000|
| 137|0x00000006c8900000, 0x00000006c8900000, 0x00000006c8a00000|  0%| F|  |TS  4|AC  0|TAMS 0x00000006c8900000, 0x00000006c8900000|
| 138|0x00000006c8a00000, 0x00000006c8a00000, 0x00000006c8b00000|  0%| F|  |TS  4|AC  0|TAMS 0x00000006c8a00000, 0x00000006c8a00000|
| 139|0x00000006c8b00000, 0x00000006c8b00000, 0x00000006c8c00000|  0%| F|  |TS  4|AC  0|TAMS 0x00000006c8b00000, 0x00000006c8b00000|
| 140|0x00000006c8c00000, 0x00000006c8c00000, 0x00000006c8d00000|  0%| F|  |TS  4|AC  0|TAMS 0x00000006c8c00000, 0x00000006c8c00000|
| 141|0x00000006c8d00000, 0x00000006c8d00000, 0x00000006c8e00000|  0%| F|  |TS  4|AC  0|TAMS 0x00000006c8d00000, 0x00000006c8d00000|
| 142|0x00000006c8e00000, 0x00000006c8e00000, 0x00000006c8f00000|  0%| F|  |TS  4|AC  0|TAMS 0x00000006c8e00000, 0x00000006c8e00000|
| 143|0x00000006c8f00000, 0x00000006c8f00000, 0x00000006c9000000|  0%| F|  |TS  4|AC  0|TAMS 0x00000006c8f00000, 0x00000006c8f00000|
| 144|0x00000006c9000000, 0x00000006c9000000, 0x00000006c9100000|  0%| F|  |TS  4|AC  0|TAMS 0x00000006c9000000, 0x00000006c9000000|
| 145|0x00000006c9100000, 0x00000006c9100000, 0x00000006c9200000|  0%| F|  |TS  4|AC  0|TAMS 0x00000006c9100000, 0x00000006c9100000|
| 146|0x00000006c9200000, 0x00000006c9200000, 0x00000006c9300000|  0%| F|  |TS  4|AC  0|TAMS 0x00000006c9200000, 0x00000006c9200000|
| 147|0x00000006c9300000, 0x00000006c9300000, 0x00000006c9400000|  0%| F|  |TS  4|AC  0|TAMS 0x00000006c9300000, 0x00000006c9300000|
| 148|0x00000006c9400000, 0x00000006c9400000, 0x00000006c9500000|  0%| F|  |TS  4|AC  0|TAMS 0x00000006c9400000, 0x00000006c9400000|
| 149|0x00000006c9500000, 0x00000006c9500000, 0x00000006c9600000|  0%| F|  |TS  4|AC  0|TAMS 0x00000006c9500000, 0x00000006c9500000|
| 150|0x00000006c9600000, 0x00000006c9600000, 0x00000006c9700000|  0%| F|  |TS  4|AC  0|TAMS 0x00000006c9600000, 0x00000006c9600000|
| 151|0x00000006c9700000, 0x00000006c9700000, 0x00000006c9800000|  0%| F|  |TS  4|AC  0|TAMS 0x00000006c9700000, 0x00000006c9700000|
| 152|0x00000006c9800000, 0x00000006c9800000, 0x00000006c9900000|  0%| F|  |TS  4|AC  0|TAMS 0x00000006c9800000, 0x00000006c9800000|
| 153|0x00000006c9900000, 0x00000006c9900000, 0x00000006c9a00000|  0%| F|  |TS  4|AC  0|TAMS 0x00000006c9900000, 0x00000006c9900000|
| 154|0x00000006c9a00000, 0x00000006c9a00000, 0x00000006c9b00000|  0%| F|  |TS  4|AC  0|TAMS 0x00000006c9a00000, 0x00000006c9a00000|
| 155|0x00000006c9b00000, 0x00000006c9b00000, 0x00000006c9c00000|  0%| F|  |TS  4|AC  0|TAMS 0x00000006c9b00000, 0x00000006c9b00000|
| 156|0x00000006c9c00000, 0x00000006c9c00000, 0x00000006c9d00000|  0%| F|  |TS  4|AC  0|TAMS 0x00000006c9c00000, 0x00000006c9c00000|
| 157|0x00000006c9d00000, 0x00000006c9d00000, 0x00000006c9e00000|  0%| F|  |TS  4|AC  0|TAMS 0x00000006c9d00000, 0x00000006c9d00000|
| 158|0x00000006c9e00000, 0x00000006c9e00000, 0x00000006c9f00000|  0%| F|  |TS  4|AC  0|TAMS 0x00000006c9e00000, 0x00000006c9e00000|
| 159|0x00000006c9f00000, 0x00000006c9f00000, 0x00000006ca000000|  0%| F|  |TS  4|AC  0|TAMS 0x00000006c9f00000, 0x00000006c9f00000|
| 160|0x00000006ca000000, 0x00000006ca000000, 0x00000006ca100000|  0%| F|  |TS  4|AC  0|TAMS 0x00000006ca000000, 0x00000006ca000000|
| 161|0x00000006ca100000, 0x00000006ca100000, 0x00000006ca200000|  0%| F|  |TS  4|AC  0|TAMS 0x00000006ca100000, 0x00000006ca100000|
| 162|0x00000006ca200000, 0x00000006ca200000, 0x00000006ca300000|  0%| F|  |TS  4|AC  0|TAMS 0x00000006ca200000, 0x00000006ca200000|
| 163|0x00000006ca300000, 0x00000006ca300000, 0x00000006ca400000|  0%| F|  |TS  4|AC  0|TAMS 0x00000006ca300000, 0x00000006ca300000|
| 164|0x00000006ca400000, 0x00000006ca400000, 0x00000006ca500000|  0%| F|  |TS  4|AC  0|TAMS 0x00000006ca400000, 0x00000006ca400000|
| 165|0x00000006ca500000, 0x00000006ca500000, 0x00000006ca600000|  0%| F|  |TS  4|AC  0|TAMS 0x00000006ca500000, 0x00000006ca500000|
| 166|0x00000006ca600000, 0x00000006ca600000, 0x00000006ca700000|  0%| F|  |TS  4|AC  0|TAMS 0x00000006ca600000, 0x00000006ca600000|
| 167|0x00000006ca700000, 0x00000006ca700000, 0x00000006ca800000|  0%| F|  |TS  4|AC  0|TAMS 0x00000006ca700000, 0x00000006ca700000|
| 168|0x00000006ca800000, 0x00000006ca800000, 0x00000006ca900000|  0%| F|  |TS  4|AC  0|TAMS 0x00000006ca800000, 0x00000006ca800000|
| 169|0x00000006ca900000, 0x00000006ca900000, 0x00000006caa00000|  0%| F|  |TS  4|AC  0|TAMS 0x00000006ca900000, 0x00000006ca900000|
| 170|0x00000006caa00000, 0x00000006caa00000, 0x00000006cab00000|  0%| F|  |TS  4|AC  0|TAMS 0x00000006caa00000, 0x00000006caa00000|
| 171|0x00000006cab00000, 0x00000006cab00000, 0x00000006cac00000|  0%| F|  |TS  4|AC  0|TAMS 0x00000006cab00000, 0x00000006cab00000|
| 172|0x00000006cac00000, 0x00000006cac00000, 0x00000006cad00000|  0%| F|  |TS  4|AC  0|TAMS 0x00000006cac00000, 0x00000006cac00000|
| 173|0x00000006cad00000, 0x00000006cad00000, 0x00000006cae00000|  0%| F|  |TS  4|AC  0|TAMS 0x00000006cad00000, 0x00000006cad00000|
| 174|0x00000006cae00000, 0x00000006cae00000, 0x00000006caf00000|  0%| F|  |TS  4|AC  0|TAMS 0x00000006cae00000, 0x00000006cae00000|
| 175|0x00000006caf00000, 0x00000006caf00000, 0x00000006cb000000|  0%| F|  |TS  4|AC  0|TAMS 0x00000006caf00000, 0x00000006caf00000|
| 176|0x00000006cb000000, 0x00000006cb000000, 0x00000006cb100000|  0%| F|  |TS  4|AC  0|TAMS 0x00000006cb000000, 0x00000006cb000000|
| 177|0x00000006cb100000, 0x00000006cb100000, 0x00000006cb200000|  0%| F|  |TS  4|AC  0|TAMS 0x00000006cb100000, 0x00000006cb100000|
| 178|0x00000006cb200000, 0x00000006cb200000, 0x00000006cb300000|  0%| F|  |TS  4|AC  0|TAMS 0x00000006cb200000, 0x00000006cb200000|
| 179|0x00000006cb300000, 0x00000006cb300000, 0x00000006cb400000|  0%| F|  |TS  4|AC  0|TAMS 0x00000006cb300000, 0x00000006cb300000|
| 180|0x00000006cb400000, 0x00000006cb400000, 0x00000006cb500000|  0%| F|  |TS  4|AC  0|TAMS 0x00000006cb400000, 0x00000006cb400000|
| 181|0x00000006cb500000, 0x00000006cb500000, 0x00000006cb600000|  0%| F|  |TS  4|AC  0|TAMS 0x00000006cb500000, 0x00000006cb500000|
| 182|0x00000006cb600000, 0x00000006cb600000, 0x00000006cb700000|  0%| F|  |TS  4|AC  0|TAMS 0x00000006cb600000, 0x00000006cb600000|
| 183|0x00000006cb700000, 0x00000006cb700000, 0x00000006cb800000|  0%| F|  |TS  4|AC  0|TAMS 0x00000006cb700000, 0x00000006cb700000|
| 184|0x00000006cb800000, 0x00000006cb800000, 0x00000006cb900000|  0%| F|  |TS  4|AC  0|TAMS 0x00000006cb800000, 0x00000006cb800000|
| 185|0x00000006cb900000, 0x00000006cb900000, 0x00000006cba00000|  0%| F|  |TS  4|AC  0|TAMS 0x00000006cb900000, 0x00000006cb900000|
| 186|0x00000006cba00000, 0x00000006cba00000, 0x00000006cbb00000|  0%| F|  |TS  4|AC  0|TAMS 0x00000006cba00000, 0x00000006cba00000|
| 187|0x00000006cbb00000, 0x00000006cbb00000, 0x00000006cbc00000|  0%| F|  |TS  4|AC  0|TAMS 0x00000006cbb00000, 0x00000006cbb00000|
| 188|0x00000006cbc00000, 0x00000006cbc00000, 0x00000006cbd00000|  0%| F|  |TS  4|AC  0|TAMS 0x00000006cbc00000, 0x00000006cbc00000|
| 189|0x00000006cbd00000, 0x00000006cbd00000, 0x00000006cbe00000|  0%| F|  |TS  4|AC  0|TAMS 0x00000006cbd00000, 0x00000006cbd00000|
| 190|0x00000006cbe00000, 0x00000006cbe00000, 0x00000006cbf00000|  0%| F|  |TS  4|AC  0|TAMS 0x00000006cbe00000, 0x00000006cbe00000|
| 191|0x00000006cbf00000, 0x00000006cbf00000, 0x00000006cc000000|  0%| F|  |TS  4|AC  0|TAMS 0x00000006cbf00000, 0x00000006cbf00000|
| 192|0x00000006cc000000, 0x00000006cc000000, 0x00000006cc100000|  0%| F|  |TS  4|AC  0|TAMS 0x00000006cc000000, 0x00000006cc000000|
| 193|0x00000006cc100000, 0x00000006cc100000, 0x00000006cc200000|  0%| F|  |TS  4|AC  0|TAMS 0x00000006cc100000, 0x00000006cc100000|
| 194|0x00000006cc200000, 0x00000006cc200000, 0x00000006cc300000|  0%| F|  |TS  4|AC  0|TAMS 0x00000006cc200000, 0x00000006cc200000|
| 195|0x00000006cc300000, 0x00000006cc300000, 0x00000006cc400000|  0%| F|  |TS  4|AC  0|TAMS 0x00000006cc300000, 0x00000006cc300000|
| 196|0x00000006cc400000, 0x00000006cc400000, 0x00000006cc500000|  0%| F|  |TS  4|AC  0|TAMS 0x00000006cc400000, 0x00000006cc400000|
| 197|0x00000006cc500000, 0x00000006cc500000, 0x00000006cc600000|  0%| F|  |TS  4|AC  0|TAMS 0x00000006cc500000, 0x00000006cc500000|
| 198|0x00000006cc600000, 0x00000006cc600000, 0x00000006cc700000|  0%| F|  |TS  4|AC  0|TAMS 0x00000006cc600000, 0x00000006cc600000|
| 199|0x00000006cc700000, 0x00000006cc700000, 0x00000006cc800000|  0%| F|  |TS  4|AC  0|TAMS 0x00000006cc700000, 0x00000006cc700000|
| 200|0x00000006cc800000, 0x00000006cc800000, 0x00000006cc900000|  0%| F|  |TS  4|AC  0|TAMS 0x00000006cc800000, 0x00000006cc800000|
| 201|0x00000006cc900000, 0x00000006cc900000, 0x00000006cca00000|  0%| F|  |TS  4|AC  0|TAMS 0x00000006cc900000, 0x00000006cc900000|
| 202|0x00000006cca00000, 0x00000006cca00000, 0x00000006ccb00000|  0%| F|  |TS  4|AC  0|TAMS 0x00000006cca00000, 0x00000006cca00000|
| 203|0x00000006ccb00000, 0x00000006ccb00000, 0x00000006ccc00000|  0%| F|  |TS  4|AC  0|TAMS 0x00000006ccb00000, 0x00000006ccb00000|
| 204|0x00000006ccc00000, 0x00000006ccc00000, 0x00000006ccd00000|  0%| F|  |TS  4|AC  0|TAMS 0x00000006ccc00000, 0x00000006ccc00000|
| 205|0x00000006ccd00000, 0x00000006ccd00000, 0x00000006cce00000|  0%| F|  |TS  4|AC  0|TAMS 0x00000006ccd00000, 0x00000006ccd00000|
| 206|0x00000006cce00000, 0x00000006cce00000, 0x00000006ccf00000|  0%| F|  |TS  4|AC  0|TAMS 0x00000006cce00000, 0x00000006cce00000|
| 207|0x00000006ccf00000, 0x00000006ccf00000, 0x00000006cd000000|  0%| F|  |TS  4|AC  0|TAMS 0x00000006ccf00000, 0x00000006ccf00000|
| 208|0x00000006cd000000, 0x00000006cd000000, 0x00000006cd100000|  0%| F|  |TS  4|AC  0|TAMS 0x00000006cd000000, 0x00000006cd000000|
| 209|0x00000006cd100000, 0x00000006cd100000, 0x00000006cd200000|  0%| F|  |TS  4|AC  0|TAMS 0x00000006cd100000, 0x00000006cd100000|
| 210|0x00000006cd200000, 0x00000006cd200000, 0x00000006cd300000|  0%| F|  |TS  4|AC  0|TAMS 0x00000006cd200000, 0x00000006cd200000|
| 211|0x00000006cd300000, 0x00000006cd300000, 0x00000006cd400000|  0%| F|  |TS  4|AC  0|TAMS 0x00000006cd300000, 0x00000006cd300000|
| 212|0x00000006cd400000, 0x00000006cd400000, 0x00000006cd500000|  0%| F|  |TS  4|AC  0|TAMS 0x00000006cd400000, 0x00000006cd400000|
| 213|0x00000006cd500000, 0x00000006cd500000, 0x00000006cd600000|  0%| F|  |TS  4|AC  0|TAMS 0x00000006cd500000, 0x00000006cd500000|
| 214|0x00000006cd600000, 0x00000006cd600000, 0x00000006cd700000|  0%| F|  |TS  4|AC  0|TAMS 0x00000006cd600000, 0x00000006cd600000|
| 215|0x00000006cd700000, 0x00000006cd700000, 0x00000006cd800000|  0%| F|  |TS  4|AC  0|TAMS 0x00000006cd700000, 0x00000006cd700000|
| 216|0x00000006cd800000, 0x00000006cd800000, 0x00000006cd900000|  0%| F|  |TS  4|AC  0|TAMS 0x00000006cd800000, 0x00000006cd800000|
| 217|0x00000006cd900000, 0x00000006cd900000, 0x00000006cda00000|  0%| F|  |TS  4|AC  0|TAMS 0x00000006cd900000, 0x00000006cd900000|
| 218|0x00000006cda00000, 0x00000006cda00000, 0x00000006cdb00000|  0%| F|  |TS  4|AC  0|TAMS 0x00000006cda00000, 0x00000006cda00000|
| 219|0x00000006cdb00000, 0x00000006cdb00000, 0x00000006cdc00000|  0%| F|  |TS  4|AC  0|TAMS 0x00000006cdb00000, 0x00000006cdb00000|
| 220|0x00000006cdc00000, 0x00000006cdc00000, 0x00000006cdd00000|  0%| F|  |TS  4|AC  0|TAMS 0x00000006cdc00000, 0x00000006cdc00000|
| 221|0x00000006cdd00000, 0x00000006cdd00000, 0x00000006cde00000|  0%| F|  |TS  4|AC  0|TAMS 0x00000006cdd00000, 0x00000006cdd00000|
| 222|0x00000006cde00000, 0x00000006cde00000, 0x00000006cdf00000|  0%| F|  |TS  4|AC  0|TAMS 0x00000006cde00000, 0x00000006cde00000|
| 223|0x00000006cdf00000, 0x00000006cdf00000, 0x00000006ce000000|  0%| F|  |TS  4|AC  0|TAMS 0x00000006cdf00000, 0x00000006cdf00000|
| 224|0x00000006ce000000, 0x00000006ce000000, 0x00000006ce100000|  0%| F|  |TS  4|AC  0|TAMS 0x00000006ce000000, 0x00000006ce000000|
| 225|0x00000006ce100000, 0x00000006ce100000, 0x00000006ce200000|  0%| F|  |TS  4|AC  0|TAMS 0x00000006ce100000, 0x00000006ce100000|
| 226|0x00000006ce200000, 0x00000006ce200000, 0x00000006ce300000|  0%| F|  |TS  4|AC  0|TAMS 0x00000006ce200000, 0x00000006ce200000|
| 227|0x00000006ce300000, 0x00000006ce300000, 0x00000006ce400000|  0%| F|  |TS  4|AC  0|TAMS 0x00000006ce300000, 0x00000006ce300000|
| 228|0x00000006ce400000, 0x00000006ce400000, 0x00000006ce500000|  0%| F|  |TS  4|AC  0|TAMS 0x00000006ce400000, 0x00000006ce400000|
| 229|0x00000006ce500000, 0x00000006ce500000, 0x00000006ce600000|  0%| F|  |TS  4|AC  0|TAMS 0x00000006ce500000, 0x00000006ce500000|
| 230|0x00000006ce600000, 0x00000006ce600000, 0x00000006ce700000|  0%| F|  |TS  4|AC  0|TAMS 0x00000006ce600000, 0x00000006ce600000|
| 231|0x00000006ce700000, 0x00000006ce700000, 0x00000006ce800000|  0%| F|  |TS  4|AC  0|TAMS 0x00000006ce700000, 0x00000006ce700000|
| 232|0x00000006ce800000, 0x00000006ce800000, 0x00000006ce900000|  0%| F|  |TS  4|AC  0|TAMS 0x00000006ce800000, 0x00000006ce800000|
| 233|0x00000006ce900000, 0x00000006ce900000, 0x00000006cea00000|  0%| F|  |TS  4|AC  0|TAMS 0x00000006ce900000, 0x00000006ce900000|
| 234|0x00000006cea00000, 0x00000006cea00000, 0x00000006ceb00000|  0%| F|  |TS  4|AC  0|TAMS 0x00000006cea00000, 0x00000006cea00000|
| 235|0x00000006ceb00000, 0x00000006ceb00000, 0x00000006cec00000|  0%| F|  |TS  4|AC  0|TAMS 0x00000006ceb00000, 0x00000006ceb00000|
| 236|0x00000006cec00000, 0x00000006cec00000, 0x00000006ced00000|  0%| F|  |TS  4|AC  0|TAMS 0x00000006cec00000, 0x00000006cec00000|
| 237|0x00000006ced00000, 0x00000006ced00000, 0x00000006cee00000|  0%| F|  |TS  4|AC  0|TAMS 0x00000006ced00000, 0x00000006ced00000|
| 238|0x00000006cee00000, 0x00000006cee00000, 0x00000006cef00000|  0%| F|  |TS  4|AC  0|TAMS 0x00000006cee00000, 0x00000006cee00000|
| 239|0x00000006cef00000, 0x00000006cef00000, 0x00000006cf000000|  0%| F|  |TS  4|AC  0|TAMS 0x00000006cef00000, 0x00000006cef00000|
| 240|0x00000006cf000000, 0x00000006cf000000, 0x00000006cf100000|  0%| F|  |TS  4|AC  0|TAMS 0x00000006cf000000, 0x00000006cf000000|
| 241|0x00000006cf100000, 0x00000006cf100000, 0x00000006cf200000|  0%| F|  |TS  4|AC  0|TAMS 0x00000006cf100000, 0x00000006cf100000|
| 242|0x00000006cf200000, 0x00000006cf200000, 0x00000006cf300000|  0%| F|  |TS  4|AC  0|TAMS 0x00000006cf200000, 0x00000006cf200000|
| 243|0x00000006cf300000, 0x00000006cf300000, 0x00000006cf400000|  0%| F|  |TS  4|AC  0|TAMS 0x00000006cf300000, 0x00000006cf300000|
| 244|0x00000006cf400000, 0x00000006cf400000, 0x00000006cf500000|  0%| F|  |TS  4|AC  0|TAMS 0x00000006cf400000, 0x00000006cf400000|
| 245|0x00000006cf500000, 0x00000006cf500000, 0x00000006cf600000|  0%| F|  |TS  4|AC  0|TAMS 0x00000006cf500000, 0x00000006cf500000|
| 246|0x00000006cf600000, 0x00000006cf600000, 0x00000006cf700000|  0%| F|  |TS  4|AC  0|TAMS 0x00000006cf600000, 0x00000006cf600000|
| 247|0x00000006cf700000, 0x00000006cf700000, 0x00000006cf800000|  0%| F|  |TS  4|AC  0|TAMS 0x00000006cf700000, 0x00000006cf700000|
| 248|0x00000006cf800000, 0x00000006cf800000, 0x00000006cf900000|  0%| F|  |TS  4|AC  0|TAMS 0x00000006cf800000, 0x00000006cf800000|
| 249|0x00000006cf900000, 0x00000006cf900000, 0x00000006cfa00000|  0%| F|  |TS  4|AC  0|TAMS 0x00000006cf900000, 0x00000006cf900000|
| 250|0x00000006cfa00000, 0x00000006cfa00000, 0x00000006cfb00000|  0%| F|  |TS  4|AC  0|TAMS 0x00000006cfa00000, 0x00000006cfa00000|
| 251|0x00000006cfb00000, 0x00000006cfb00000, 0x00000006cfc00000|  0%| F|  |TS  4|AC  0|TAMS 0x00000006cfb00000, 0x00000006cfb00000|
| 252|0x00000006cfc00000, 0x00000006cfc00000, 0x00000006cfd00000|  0%| F|  |TS  4|AC  0|TAMS 0x00000006cfc00000, 0x00000006cfc00000|
| 253|0x00000006cfd00000, 0x00000006cfd00800, 0x00000006cfe00000|  0%| E|  |TS  4|AC  0|TAMS 0x00000006cfd00000, 0x00000006cfd00000|
| 254|0x00000006cfe00000, 0x00000006cff00000, 0x00000006cff00000|100%| E|CS|TS  4|AC  0|TAMS 0x00000006cfe00000, 0x00000006cfe00000|
| 255|0x00000006cff00000, 0x00000006d0000000, 0x00000006d0000000|100%| E|CS|TS  4|AC  0|TAMS 0x00000006cff00000, 0x00000006cff00000|

Card table byte_map: [0x0000000125671000,0x0000000125e71000] byte_map_base: 0x0000000122071000

Marking Bits (Prev, Next): (CMBitMap*) 0x00007fb3e702e098, (CMBitMap*) 0x00007fb3e702e060
 Prev Bits: [0x000000012a671000, 0x000000012e671000)
 Next Bits: [0x0000000126671000, 0x000000012a671000)

Polling page: 0x000000010a13d000

CodeHeap 'non-profiled nmethods': size=120032Kb used=3813Kb max_used=4025Kb free=116218Kb
 bounds [0x000000011d539000, 0x000000011d929000, 0x0000000124a71000]
CodeHeap 'profiled nmethods': size=120028Kb used=9594Kb max_used=10116Kb free=110433Kb
 bounds [0x0000000116002000, 0x0000000116a12000, 0x000000011d539000]
CodeHeap 'non-nmethods': size=5700Kb used=1287Kb max_used=1320Kb free=4412Kb
 bounds [0x0000000115a71000, 0x0000000115ce1000, 0x0000000116002000]
 total_blobs=8635 nmethods=4827 adapters=623
 compilation: enabled

Compilation events (10 events):
Event: 22417.972 Thread 0x00007fb3e5824800 5946   !   3       sun.java2d.pipe.BufferedRenderPipe::drawLine (116 bytes)
Event: 22417.972 Thread 0x00007fb3e5824800 nmethod 5946 0x00000001165f1410 code [0x00000001165f16e0, 0x00000001165f26a8]
Event: 22419.550 Thread 0x00007fb3e5824800 5947       3       jdk.internal.ref.CleanerImpl$PhantomCleanableRef::performCleanup (10 bytes)
Event: 22419.550 Thread 0x00007fb3e5824800 nmethod 5947 0x0000000116394310 code [0x00000001163944e0, 0x0000000116394708]
Event: 22419.558 Thread 0x00007fb3e5824800 5948       3       java.lang.ref.Finalizer::hasBeenFinalized (14 bytes)
Event: 22419.558 Thread 0x00007fb3e5824800 nmethod 5948 0x00000001161faf10 code [0x00000001161fb0c0, 0x00000001161fb270]
Event: 22419.558 Thread 0x00007fb3e5824800 5949   !   3       java.lang.ref.Finalizer::remove (94 bytes)
Event: 22419.558 Thread 0x00007fb3e5824800 nmethod 5949 0x0000000116481490 code [0x0000000116481680, 0x0000000116481d50]
Event: 22419.558 Thread 0x00007fb3e5824800 5950       3       java.lang.System$2::invokeFinalize (5 bytes)
Event: 22419.558 Thread 0x00007fb3e5824800 nmethod 5950 0x0000000116399990 code [0x0000000116399b60, 0x0000000116399d88]

GC Heap History (10 events):
Event: 2.723 GC heap before
{Heap before GC invocations=1 (full 0):
 garbage-first heap   total 262144K, used 8238K [0x00000006c0000000, 0x00000007c0000000)
  region size 1024K, 8 young (8192K), 3 survivors (3072K)
 Metaspace       used 20646K, capacity 21034K, committed 21296K, reserved 1069056K
  class space    used 2400K, capacity 2594K, committed 2688K, reserved 1048576K
}
Event: 2.728 GC heap after
{Heap after GC invocations=2 (full 0):
 garbage-first heap   total 262144K, used 6233K [0x00000006c0000000, 0x00000007c0000000)
  region size 1024K, 3 young (3072K), 3 survivors (3072K)
 Metaspace       used 20646K, capacity 21034K, committed 21296K, reserved 1069056K
  class space    used 2400K, capacity 2594K, committed 2688K, reserved 1048576K
}
Event: 144.385 GC heap before
{Heap before GC invocations=3 (full 0):
 garbage-first heap   total 262144K, used 44121K [0x00000006c0000000, 0x00000007c0000000)
  region size 1024K, 40 young (40960K), 3 survivors (3072K)
 Metaspace       used 24231K, capacity 24833K, committed 25088K, reserved 1071104K
  class space    used 2689K, capacity 2966K, committed 3072K, reserved 1048576K
}
Event: 144.391 GC heap after
{Heap after GC invocations=4 (full 0):
 garbage-first heap   total 262144K, used 15360K [0x00000006c0000000, 0x00000007c0000000)
  region size 1024K, 5 young (5120K), 5 survivors (5120K)
 Metaspace       used 24231K, capacity 24833K, committed 25088K, reserved 1071104K
  class space    used 2689K, capacity 2966K, committed 3072K, reserved 1048576K
}
Event: 3297.343 GC heap before
{Heap before GC invocations=4 (full 0):
 garbage-first heap   total 262144K, used 164864K [0x00000006c0000000, 0x00000007c0000000)
  region size 1024K, 151 young (154624K), 5 survivors (5120K)
 Metaspace       used 25256K, capacity 25791K, committed 26112K, reserved 1073152K
  class space    used 2740K, capacity 3005K, committed 3072K, reserved 1048576K
}
Event: 3297.352 GC heap after
{Heap after GC invocations=5 (full 0):
 garbage-first heap   total 262144K, used 21682K [0x00000006c0000000, 0x00000007c0000000)
  region size 1024K, 12 young (12288K), 12 survivors (12288K)
 Metaspace       used 25256K, capacity 25791K, committed 26112K, reserved 1073152K
  class space    used 2740K, capacity 3005K, committed 3072K, reserved 1048576K
}
Event: 7982.129 GC heap before
{Heap before GC invocations=5 (full 0):
 garbage-first heap   total 262144K, used 166066K [0x00000006c0000000, 0x00000007c0000000)
  region size 1024K, 153 young (156672K), 12 survivors (12288K)
 Metaspace       used 25553K, capacity 26150K, committed 26368K, reserved 1073152K
  class space    used 2756K, capacity 3037K, committed 3072K, reserved 1048576K
}
Event: 7982.153 GC heap after
{Heap after GC invocations=6 (full 0):
 garbage-first heap   total 262144K, used 22440K [0x00000006c0000000, 0x00000007c0000000)
  region size 1024K, 12 young (12288K), 12 survivors (12288K)
 Metaspace       used 25553K, capacity 26150K, committed 26368K, reserved 1073152K
  class space    used 2756K, capacity 3037K, committed 3072K, reserved 1048576K
}
Event: 22419.516 GC heap before
{Heap before GC invocations=6 (full 0):
 garbage-first heap   total 262144K, used 178088K [0x00000006c0000000, 0x00000007c0000000)
  region size 1024K, 153 young (156672K), 12 survivors (12288K)
 Metaspace       used 26012K, capacity 26604K, committed 26880K, reserved 1073152K
  class space    used 2765K, capacity 3038K, committed 3072K, reserved 1048576K
}
Event: 22419.549 GC heap after
{Heap after GC invocations=7 (full 0):
 garbage-first heap   total 262144K, used 32274K [0x00000006c0000000, 0x00000007c0000000)
  region size 1024K, 8 young (8192K), 8 survivors (8192K)
 Metaspace       used 26012K, capacity 26604K, committed 26880K, reserved 1073152K
  class space    used 2765K, capacity 3038K, committed 3072K, reserved 1048576K
}

Deoptimization events (10 events):
Event: 22078.450 Thread 0x00007fb3e52ea000 Uncommon trap: reason=unstable_if action=reinterpret pc=0x000000011d862b54 method=sun.java2d.SunGraphics2D.translate(II)V @ 16 c2
Event: 22078.488 Thread 0x00007fb3e52ea000 Uncommon trap: reason=unstable_if action=reinterpret pc=0x000000011d72ca24 method=sun.java2d.SunGraphics2D.validateBasicStroke(Ljava/awt/BasicStroke;)V @ 19 c2
Event: 22078.488 Thread 0x00007fb3e52ea000 Uncommon trap: reason=unstable_if action=reinterpret pc=0x000000011d83f6a8 method=sun.java2d.pipe.PixelToParallelogramConverter.drawGeneralLine(Lsun/java2d/SunGraphics2D;DDDD)Z @ 13 c2
Event: 22078.494 Thread 0x00007fb3e52ea000 Uncommon trap: reason=unstable_if action=reinterpret pc=0x000000011d8dd46c method=sun.swing.SwingUtilities2.isFloatingPointScale(Ljava/awt/geom/AffineTransform;)Z @ 9 c2
Event: 22128.401 Thread 0x00007fb3e52ea000 Uncommon trap: reason=unstable_if action=reinterpret pc=0x000000011d758370 method=sun.java2d.pipe.BufferedRenderPipe.fill(Lsun/java2d/SunGraphics2D;Ljava/awt/Shape;)V @ 4 c2
Event: 22167.529 Thread 0x00007fb3e52ea000 Uncommon trap: reason=unstable_if action=reinterpret pc=0x000000011d8b4f50 method=sun.java2d.SunGraphics2D.transformShape(Ljava/awt/Shape;)Ljava/awt/Shape; @ 11 c2
Event: 22167.530 Thread 0x00007fb3e52ea000 Uncommon trap: reason=unstable_if action=reinterpret pc=0x000000011d72f9dc method=sun.java2d.marlin.MarlinCache.copyAARowRLE_WithBlockFlags([I[IIII)V @ 462 c2
Event: 22226.789 Thread 0x00007fb3e580c800 Uncommon trap: reason=unstable_if action=reinterpret pc=0x000000011d7e82bc method=sun.lwawt.LWWindowPeer.notifyMouseEvent(IJIIIIIIIZ[B)V @ 218 c2
Event: 22416.760 Thread 0x00007fb3e52ea000 Uncommon trap: reason=bimorphic_or_optimized_type_check action=maybe_recompile pc=0x000000011d782b90 method=java.awt.DefaultKeyboardFocusManager.dispatchEvent(Ljava/awt/AWTEvent;)Z @ 469 c2
Event: 22419.551 Thread 0x00007fb3e79fb800 Uncommon trap: reason=class_check action=maybe_recompile pc=0x000000011d698a74 method=sun.java2d.opengl.OGLRenderQueue$QueueFlusher.run()V @ 95 c2

Classes redefined (0 events):
No events

Internal exceptions (10 events):
Event: 2217.598 Thread 0x00007fb3e52ea000 Exception <a 'java/lang/NoSuchMethodError'{0x00000006cf4f4c18}: method resolution failed> (0x00000006cf4f4c18) thrown at [/scratch/mesos/slaves/e283bbd4-d3d7-4cc0-a152-4405cadfe7cb-S5239/frameworks/1735e8a2-a1db-478c-8104-60c8b0af87dd-0196/executors/e5d13
Event: 2222.178 Thread 0x00007fb3e52ea000 Exception <a 'java/io/FileNotFoundException'{0x00000006cebacd08}> (0x00000006cebacd08) thrown at [/scratch/mesos/slaves/e283bbd4-d3d7-4cc0-a152-4405cadfe7cb-S5239/frameworks/1735e8a2-a1db-478c-8104-60c8b0af87dd-0196/executors/e5d13b9d-8c0b-4873-9a0e-17458
Event: 2222.232 Thread 0x00007fb3e52ea000 Exception <a 'java/io/FileNotFoundException'{0x00000006cebad560}> (0x00000006cebad560) thrown at [/scratch/mesos/slaves/e283bbd4-d3d7-4cc0-a152-4405cadfe7cb-S5239/frameworks/1735e8a2-a1db-478c-8104-60c8b0af87dd-0196/executors/e5d13b9d-8c0b-4873-9a0e-17458
Event: 7979.508 Thread 0x00007fb3e52ea000 Implicit null exception at 0x000000011d8c3235 to 0x000000011d8c3736
Event: 13543.713 Thread 0x00007fb3e580c800 Implicit null exception at 0x000000011d69ce8f to 0x000000011d69f132
Event: 13543.713 Thread 0x00007fb3e580c800 Implicit null exception at 0x000000011d5d58cc to 0x000000011d5d5a0e
Event: 22078.434 Thread 0x00007fb3e52ea000 Implicit null exception at 0x000000011d56a71f to 0x000000011d56abea
Event: 22078.438 Thread 0x00007fb3e52ea000 Implicit null exception at 0x000000011d718092 to 0x000000011d718452
Event: 22078.440 Thread 0x00007fb3e52ea000 Implicit null exception at 0x000000011d6b21c3 to 0x000000011d6b237a
Event: 22226.789 Thread 0x00007fb3e580c800 Implicit null exception at 0x000000011d7e48c4 to 0x000000011d7e828e

Events (10 events):
Event: 22419.551 loading class sun/font/StrikeCache$2 done
Event: 22419.551 Thread 0x00007fb3e79fb800 Uncommon trap: trap_request=0xffffffde fr.pc=0x000000011d698a74 relative=0x0000000000000bb4
Event: 22419.551 Thread 0x00007fb3e79fb800 DEOPT PACKING pc=0x000000011d698a74 sp=0x000070000ee26a60
Event: 22419.551 Thread 0x00007fb3e79fb800 DEOPT UNPACKING pc=0x0000000115a99025 sp=0x000070000ee26a18 mode 2
Event: 22419.551 Executing VM operation: RevokeBias
Event: 22419.551 Executing VM operation: RevokeBias done
Event: 22419.554 Executing VM operation: BulkRevokeBias
Event: 22419.554 Executing VM operation: BulkRevokeBias done
Event: 22419.555 Executing VM operation: RevokeBias
Event: 22419.555 Executing VM operation: RevokeBias done


Dynamic libraries:
0x00007fff420d7000 	/System/Library/Frameworks/Cocoa.framework/Versions/A/Cocoa
0x00007fff4e381000 	/System/Library/Frameworks/Security.framework/Versions/A/Security
0x00007fff40ce1000 	/System/Library/Frameworks/ApplicationServices.framework/Versions/A/ApplicationServices
0x00007fff6f910000 	/usr/lib/libz.1.dylib
0x00007fff6cf87000 	/usr/lib/libSystem.B.dylib
0x00007fff428fa000 	/System/Library/Frameworks/CoreFoundation.framework/Versions/A/CoreFoundation
0x00007fff44c7f000 	/System/Library/Frameworks/Foundation.framework/Versions/C/Foundation
0x00007fff6ea2d000 	/usr/lib/libobjc.A.dylib
0x00007fff3fe6f000 	/System/Library/Frameworks/AppKit.framework/Versions/C/AppKit
0x00007fff4246e000 	/System/Library/Frameworks/CoreData.framework/Versions/A/CoreData
0x00007fff6616d000 	/System/Library/PrivateFrameworks/RemoteViewServices.framework/Versions/A/RemoteViewServices
0x00007fff6ac5c000 	/System/Library/PrivateFrameworks/UIFoundation.framework/Versions/A/UIFoundation
0x00007fff6c40e000 	/System/Library/PrivateFrameworks/XCTTargetBootstrap.framework/Versions/A/XCTTargetBootstrap
0x00007fff60c83000 	/System/Library/PrivateFrameworks/IconServices.framework/Versions/A/IconServices
0x00007fff4753a000 	/System/Library/Frameworks/Metal.framework/Versions/A/Metal
0x00007fff57e8d000 	/System/Library/PrivateFrameworks/DesktopServicesPriv.framework/Versions/A/DesktopServicesPriv
0x00007fff6dd41000 	/usr/lib/libenergytrace.dylib
0x00007fff689d1000 	/System/Library/PrivateFrameworks/SkyLight.framework/Versions/A/SkyLight
0x00007fff42d49000 	/System/Library/Frameworks/CoreGraphics.framework/Versions/A/CoreGraphics
0x00007fff3ec2a000 	/System/Library/Frameworks/Accelerate.framework/Versions/A/Accelerate
0x00007fff45408000 	/System/Library/Frameworks/IOSurface.framework/Versions/A/IOSurface
0x00007fff57cef000 	/System/Library/PrivateFrameworks/DFRFoundation.framework/Versions/A/DFRFoundation
0x00007fff411e6000 	/System/Library/Frameworks/AudioToolbox.framework/Versions/A/AudioToolbox
0x00007fff41484000 	/System/Library/Frameworks/AudioUnit.framework/Versions/A/AudioUnit
0x00007fff57d86000 	/System/Library/PrivateFrameworks/DataDetectorsCore.framework/Versions/A/DataDetectorsCore
0x00007fff41bc3000 	/System/Library/Frameworks/Carbon.framework/Versions/A/Frameworks/HIToolbox.framework/Versions/A/HIToolbox
0x00007fff6de9c000 	/usr/lib/libicucore.A.dylib
0x00007fff4d8db000 	/System/Library/Frameworks/QuartzCore.framework/Versions/A/QuartzCore
0x00007fff41faa000 	/System/Library/Frameworks/Carbon.framework/Versions/A/Frameworks/SpeechRecognition.framework/Versions/A/SpeechRecognition
0x00007fff6d0ea000 	/usr/lib/libauto.dylib
0x00007fff6f803000 	/usr/lib/libxml2.2.dylib
0x00007fff578ee000 	/System/Library/PrivateFrameworks/CoreUI.framework/Versions/A/CoreUI
0x00007fff4234c000 	/System/Library/Frameworks/CoreAudio.framework/Versions/A/CoreAudio
0x00007fff44ab1000 	/System/Library/Frameworks/DiskArbitration.framework/Versions/A/DiskArbitration
0x00007fff6e14c000 	/usr/lib/liblangid.dylib
0x00007fff6212f000 	/System/Library/PrivateFrameworks/MultitouchSupport.framework/Versions/A/MultitouchSupport
0x00007fff45374000 	/System/Library/Frameworks/IOKit.framework/Versions/A/IOKit
0x00007fff6cbd5000 	/usr/lib/libDiagnosticMessagesClient.dylib
0x00007fff43bb7000 	/System/Library/Frameworks/CoreServices.framework/Versions/A/CoreServices
0x00007fff63e5e000 	/System/Library/PrivateFrameworks/PerformanceAnalysis.framework/Versions/A/PerformanceAnalysis
0x00007fff4ca70000 	/System/Library/Frameworks/OpenGL.framework/Versions/A/OpenGL
0x00007fff420e5000 	/System/Library/Frameworks/ColorSync.framework/Versions/A/ColorSync
0x00007fff433d8000 	/System/Library/Frameworks/CoreImage.framework/Versions/A/CoreImage
0x00007fff445fa000 	/System/Library/Frameworks/CoreText.framework/Versions/A/CoreText
0x00007fff45469000 	/System/Library/Frameworks/ImageIO.framework/Versions/A/ImageIO
0x00007fff53f47000 	/System/Library/PrivateFrameworks/Backup.framework/Versions/A/Backup
0x00007fff6d03d000 	/usr/lib/libarchive.2.dylib
0x00007fff417e8000 	/System/Library/Frameworks/CFNetwork.framework/Versions/A/CFNetwork
0x00007fff4eb2a000 	/System/Library/Frameworks/SystemConfiguration.framework/Versions/A/SystemConfiguration
0x00007fff6cafe000 	/usr/lib/libCRFSuite.dylib
0x00007fff6d1e1000 	/usr/lib/libc++.1.dylib
0x00007fff6d239000 	/usr/lib/libc++abi.dylib
0x00007fff6f993000 	/usr/lib/system/libcache.dylib
0x00007fff6f998000 	/usr/lib/system/libcommonCrypto.dylib
0x00007fff6f9a3000 	/usr/lib/system/libcompiler_rt.dylib
0x00007fff6f9ab000 	/usr/lib/system/libcopyfile.dylib
0x00007fff6f9b5000 	/usr/lib/system/libcorecrypto.dylib
0x00007fff6fac0000 	/usr/lib/system/libdispatch.dylib
0x00007fff6fafb000 	/usr/lib/system/libdyld.dylib
0x00007fff6fb2b000 	/usr/lib/system/libkeymgr.dylib
0x00007fff6fb39000 	/usr/lib/system/liblaunch.dylib
0x00007fff6fb3a000 	/usr/lib/system/libmacho.dylib
0x00007fff6fb40000 	/usr/lib/system/libquarantine.dylib
0x00007fff6fb43000 	/usr/lib/system/libremovefile.dylib
0x00007fff6fb45000 	/usr/lib/system/libsystem_asl.dylib
0x00007fff6fb5d000 	/usr/lib/system/libsystem_blocks.dylib
0x00007fff6fb5e000 	/usr/lib/system/libsystem_c.dylib
0x00007fff6fbe7000 	/usr/lib/system/libsystem_configuration.dylib
0x00007fff6fbeb000 	/usr/lib/system/libsystem_coreservices.dylib
0x00007fff6fbef000 	/usr/lib/system/libsystem_darwin.dylib
0x00007fff6fbf6000 	/usr/lib/system/libsystem_dnssd.dylib
0x00007fff6fbfd000 	/usr/lib/system/libsystem_info.dylib
0x00007fff6fc72000 	/usr/lib/system/libsystem_m.dylib
0x00007fff6fcbe000 	/usr/lib/system/libsystem_malloc.dylib
0x00007fff6fce3000 	/usr/lib/system/libsystem_networkextension.dylib
0x00007fff6fcef000 	/usr/lib/system/libsystem_notify.dylib
0x00007fff6fd0c000 	/usr/lib/system/libsystem_sandbox.dylib
0x00007fff6fd10000 	/usr/lib/system/libsystem_secinit.dylib
0x00007fff6fc4a000 	/usr/lib/system/libsystem_kernel.dylib
0x00007fff6fcf7000 	/usr/lib/system/libsystem_platform.dylib
0x00007fff6fd01000 	/usr/lib/system/libsystem_pthread.dylib
0x00007fff6fd13000 	/usr/lib/system/libsystem_symptoms.dylib
0x00007fff6fd1b000 	/usr/lib/system/libsystem_trace.dylib
0x00007fff6fd32000 	/usr/lib/system/libunwind.dylib
0x00007fff6fd38000 	/usr/lib/system/libxpc.dylib
0x00007fff6d1c1000 	/usr/lib/libbsm.0.dylib
0x00007fff6fb2c000 	/usr/lib/system/libkxld.dylib
0x00007fff531f5000 	/System/Library/PrivateFrameworks/AppleFSCompression.framework/Versions/A/AppleFSCompression
0x00007fff6ce46000 	/usr/lib/libOpenScriptingUtil.dylib
0x00007fff6d524000 	/usr/lib/libcoretls.dylib
0x00007fff6d53b000 	/usr/lib/libcoretls_cfhelpers.dylib
0x00007fff6f1c6000 	/usr/lib/libpam.2.dylib
0x00007fff6f389000 	/usr/lib/libsqlite3.dylib
0x00007fff6f7f1000 	/usr/lib/libxar.1.dylib
0x00007fff6d1d2000 	/usr/lib/libbz2.1.0.dylib
0x00007fff6e14e000 	/usr/lib/liblzma.5.dylib
0x00007fff6e644000 	/usr/lib/libnetwork.dylib
0x00007fff6d026000 	/usr/lib/libapple_nghttp2.dylib
0x00007fff6f1cd000 	/usr/lib/libpcap.A.dylib
0x00007fff43f5b000 	/System/Library/Frameworks/CoreServices.framework/Versions/A/Frameworks/FSEvents.framework/Versions/A/FSEvents
0x00007fff43c37000 	/System/Library/Frameworks/CoreServices.framework/Versions/A/Frameworks/CarbonCore.framework/Versions/A/CarbonCore
0x00007fff44130000 	/System/Library/Frameworks/CoreServices.framework/Versions/A/Frameworks/Metadata.framework/Versions/A/Metadata
0x00007fff441d3000 	/System/Library/Frameworks/CoreServices.framework/Versions/A/Frameworks/OSServices.framework/Versions/A/OSServices
0x00007fff4421f000 	/System/Library/Frameworks/CoreServices.framework/Versions/A/Frameworks/SearchKit.framework/Versions/A/SearchKit
0x00007fff43bb8000 	/System/Library/Frameworks/CoreServices.framework/Versions/A/Frameworks/AE.framework/Versions/A/AE
0x00007fff43f64000 	/System/Library/Frameworks/CoreServices.framework/Versions/A/Frameworks/LaunchServices.framework/Versions/A/LaunchServices
0x00007fff43f10000 	/System/Library/Frameworks/CoreServices.framework/Versions/A/Frameworks/DictionaryServices.framework/Versions/A/DictionaryServices
0x00007fff4428e000 	/System/Library/Frameworks/CoreServices.framework/Versions/A/Frameworks/SharedFileList.framework/Versions/A/SharedFileList
0x00007fff48a01000 	/System/Library/Frameworks/NetFS.framework/Versions/A/NetFS
0x00007fff623cc000 	/System/Library/PrivateFrameworks/NetAuth.framework/Versions/A/NetAuth
0x00007fff6c842000 	/System/Library/PrivateFrameworks/login.framework/Versions/A/Frameworks/loginsupport.framework/Versions/A/loginsupport
0x00007fff6a855000 	/System/Library/PrivateFrameworks/TCC.framework/Versions/A/TCC
0x00007fff56f11000 	/System/Library/PrivateFrameworks/CoreNLP.framework/Versions/A/CoreNLP
0x00007fff61e21000 	/System/Library/PrivateFrameworks/MetadataUtilities.framework/Versions/A/MetadataUtilities
0x00007fff6e22f000 	/usr/lib/libmecabra.dylib
0x00007fff40ce2000 	/System/Library/Frameworks/ApplicationServices.framework/Versions/A/Frameworks/ATS.framework/Versions/A/ATS
0x00007fff4104d000 	/System/Library/Frameworks/ApplicationServices.framework/Versions/A/Frameworks/ColorSyncLegacy.framework/Versions/A/ColorSyncLegacy
0x00007fff410ee000 	/System/Library/Frameworks/ApplicationServices.framework/Versions/A/Frameworks/HIServices.framework/Versions/A/HIServices
0x00007fff41141000 	/System/Library/Frameworks/ApplicationServices.framework/Versions/A/Frameworks/LangAnalysis.framework/Versions/A/LangAnalysis
0x00007fff41150000 	/System/Library/Frameworks/ApplicationServices.framework/Versions/A/Frameworks/PrintCore.framework/Versions/A/PrintCore
0x00007fff4119d000 	/System/Library/Frameworks/ApplicationServices.framework/Versions/A/Frameworks/QD.framework/Versions/A/QD
0x00007fff411d9000 	/System/Library/Frameworks/ApplicationServices.framework/Versions/A/Frameworks/SpeechSynthesis.framework/Versions/A/SpeechSynthesis
0x00007fff6d261000 	/usr/lib/libcompression.dylib
0x00007fff42810000 	/System/Library/Frameworks/CoreDisplay.framework/Versions/A/CoreDisplay
0x00007fff47802000 	/System/Library/Frameworks/MetalPerformanceShaders.framework/Versions/A/MetalPerformanceShaders
0x00007fff3ec42000 	/System/Library/Frameworks/Accelerate.framework/Versions/A/Frameworks/vImage.framework/Versions/A/vImage
0x00007fff3fcbe000 	/System/Library/Frameworks/Accelerate.framework/Versions/A/Frameworks/vecLib.framework/Versions/A/vecLib
0x00007fff3fc08000 	/System/Library/Frameworks/Accelerate.framework/Versions/A/Frameworks/vecLib.framework/Versions/A/libvMisc.dylib
0x00007fff3fa23000 	/System/Library/Frameworks/Accelerate.framework/Versions/A/Frameworks/vecLib.framework/Versions/A/libvDSP.dylib
0x00007fff3f2e3000 	/System/Library/Frameworks/Accelerate.framework/Versions/A/Frameworks/vecLib.framework/Versions/A/libBLAS.dylib
0x00007fff3f5ce000 	/System/Library/Frameworks/Accelerate.framework/Versions/A/Frameworks/vecLib.framework/Versions/A/libLAPACK.dylib
0x00007fff3f975000 	/System/Library/Frameworks/Accelerate.framework/Versions/A/Frameworks/vecLib.framework/Versions/A/libLinearAlgebra.dylib
0x00007fff3fa0f000 	/System/Library/Frameworks/Accelerate.framework/Versions/A/Frameworks/vecLib.framework/Versions/A/libSparseBLAS.dylib
0x00007fff3f98b000 	/System/Library/Frameworks/Accelerate.framework/Versions/A/Frameworks/vecLib.framework/Versions/A/libQuadrature.dylib
0x00007fff3f55b000 	/System/Library/Frameworks/Accelerate.framework/Versions/A/Frameworks/vecLib.framework/Versions/A/libBNNS.dylib
0x00007fff3f991000 	/System/Library/Frameworks/Accelerate.framework/Versions/A/Frameworks/vecLib.framework/Versions/A/libSparse.dylib
0x00007fff5e41e000 	/System/Library/PrivateFrameworks/GPUWrangler.framework/Versions/A/GPUWrangler
0x00007fff6084a000 	/System/Library/PrivateFrameworks/IOAccelerator.framework/Versions/A/IOAccelerator
0x00007fff60855000 	/System/Library/PrivateFrameworks/IOPresentment.framework/Versions/A/IOPresentment
0x00007fff57cff000 	/System/Library/PrivateFrameworks/DSExternalDisplay.framework/Versions/A/DSExternalDisplay
0x00007fff4beb5000 	/System/Library/Frameworks/OpenGL.framework/Versions/A/Libraries/libCoreFSCache.dylib
0x00007fff475ea000 	/System/Library/Frameworks/MetalPerformanceShaders.framework/Frameworks/MPSCore.framework/Versions/A/MPSCore
0x00007fff4760b000 	/System/Library/Frameworks/MetalPerformanceShaders.framework/Frameworks/MPSImage.framework/Versions/A/MPSImage
0x00007fff476b3000 	/System/Library/Frameworks/MetalPerformanceShaders.framework/Frameworks/MPSNeuralNetwork.framework/Versions/A/MPSNeuralNetwork
0x00007fff4768a000 	/System/Library/Frameworks/MetalPerformanceShaders.framework/Frameworks/MPSMatrix.framework/Versions/A/MPSMatrix
0x00007fff477e6000 	/System/Library/Frameworks/MetalPerformanceShaders.framework/Frameworks/MPSRayIntersector.framework/Versions/A/MPSRayIntersector
0x00007fff61e4a000 	/System/Library/PrivateFrameworks/MetalTools.framework/Versions/A/MetalTools
0x00007fff528f0000 	/System/Library/PrivateFrameworks/AggregateDictionary.framework/Versions/A/AggregateDictionary
0x00007fff6ce26000 	/usr/lib/libMobileGestalt.dylib
0x00007fff44760000 	/System/Library/Frameworks/CoreVideo.framework/Versions/A/CoreVideo
0x00007fff5f289000 	/System/Library/PrivateFrameworks/GraphVisualizer.framework/Versions/A/GraphVisualizer
0x00007fff5902e000 	/System/Library/PrivateFrameworks/FaceCore.framework/Versions/A/FaceCore
0x00007fff4b4cd000 	/System/Library/Frameworks/OpenCL.framework/Versions/A/OpenCL
0x00007fff6cc0d000 	/usr/lib/libFosl_dynamic.dylib
0x00007fff62ca2000 	/System/Library/PrivateFrameworks/OTSVG.framework/Versions/A/OTSVG
0x00007fff40de6000 	/System/Library/Frameworks/ApplicationServices.framework/Versions/A/Frameworks/ATS.framework/Versions/A/Resources/libFontParser.dylib
0x00007fff40f06000 	/System/Library/Frameworks/ApplicationServices.framework/Versions/A/Frameworks/ATS.framework/Versions/A/Resources/libFontRegistry.dylib
0x00007fff456f3000 	/System/Library/Frameworks/ImageIO.framework/Versions/A/Resources/libJPEG.dylib
0x00007fff45a15000 	/System/Library/Frameworks/ImageIO.framework/Versions/A/Resources/libTIFF.dylib
0x00007fff459eb000 	/System/Library/Frameworks/ImageIO.framework/Versions/A/Resources/libPng.dylib
0x00007fff45608000 	/System/Library/Frameworks/ImageIO.framework/Versions/A/Resources/libGIF.dylib
0x00007fff4560d000 	/System/Library/Frameworks/ImageIO.framework/Versions/A/Resources/libJP2.dylib
0x00007fff45a12000 	/System/Library/Frameworks/ImageIO.framework/Versions/A/Resources/libRadiance.dylib
0x00007fff5334e000 	/System/Library/PrivateFrameworks/AppleJPEG.framework/Versions/A/AppleJPEG
0x00007fff4bec0000 	/System/Library/Frameworks/OpenGL.framework/Versions/A/Libraries/libGFXShared.dylib
0x00007fff4c083000 	/System/Library/Frameworks/OpenGL.framework/Versions/A/Libraries/libGLU.dylib
0x00007fff4bec9000 	/System/Library/Frameworks/OpenGL.framework/Versions/A/Libraries/libGL.dylib
0x00007fff4bed5000 	/System/Library/Frameworks/OpenGL.framework/Versions/A/Libraries/libGLImage.dylib
0x00007fff4beb2000 	/System/Library/Frameworks/OpenGL.framework/Versions/A/Libraries/libCVMSPluginSupport.dylib
0x00007fff4bebb000 	/System/Library/Frameworks/OpenGL.framework/Versions/A/Libraries/libCoreVMClient.dylib
0x00007fff6dbb3000 	/usr/lib/libcups.2.dylib
0x00007fff46b00000 	/System/Library/Frameworks/Kerberos.framework/Versions/A/Kerberos
0x00007fff450be000 	/System/Library/Frameworks/GSS.framework/Versions/A/GSS
0x00007fff6f31d000 	/usr/lib/libresolv.9.dylib
0x00007fff6ddaa000 	/usr/lib/libiconv.2.dylib
0x00007fff5f3e9000 	/System/Library/PrivateFrameworks/Heimdal.framework/Versions/A/Heimdal
0x00007fff6dd79000 	/usr/lib/libheimdal-asn1.dylib
0x00007fff4b543000 	/System/Library/Frameworks/OpenDirectory.framework/Versions/A/OpenDirectory
0x00007fff55c0c000 	/System/Library/PrivateFrameworks/CommonAuth.framework/Versions/A/CommonAuth
0x00007fff4b526000 	/System/Library/Frameworks/OpenDirectory.framework/Versions/A/Frameworks/CFOpenDirectory.framework/Versions/A/CFOpenDirectory
0x00007fff4e6a8000 	/System/Library/Frameworks/SecurityFoundation.framework/Versions/A/SecurityFoundation
0x00007fff51e01000 	/System/Library/PrivateFrameworks/APFS.framework/Versions/A/APFS
0x00007fff6f7ed000 	/usr/lib/libutil.dylib
0x00007fff6d24f000 	/usr/lib/libcharset.1.dylib
0x00007fff535e9000 	/System/Library/PrivateFrameworks/AppleSauce.framework/Versions/A/AppleSauce
0x00007fff53777000 	/System/Library/PrivateFrameworks/AssertionServices.framework/Versions/A/AssertionServices
0x00007fff53fea000 	/System/Library/PrivateFrameworks/BaseBoard.framework/Versions/A/BaseBoard
0x00007fff6e17e000 	/usr/lib/libmecab.1.0.0.dylib
0x00007fff6dd73000 	/usr/lib/libgermantok.dylib
0x00007fff6d012000 	/usr/lib/libThaiTokenizer.dylib
0x00007fff6cb39000 	/usr/lib/libChineseTokenizer.dylib
0x00007fff60f7f000 	/System/Library/PrivateFrameworks/LanguageModeling.framework/Versions/A/LanguageModeling
0x00007fff56927000 	/System/Library/PrivateFrameworks/CoreEmoji.framework/Versions/A/CoreEmoji
0x00007fff61077000 	/System/Library/PrivateFrameworks/Lexicon.framework/Versions/A/Lexicon
0x00007fff610bf000 	/System/Library/PrivateFrameworks/LinguisticData.framework/Versions/A/LinguisticData
0x00007fff6d250000 	/usr/lib/libcmph.dylib
0x00007fff4e769000 	/System/Library/Frameworks/ServiceManagement.framework/Versions/A/ServiceManagement
0x00007fff53f3d000 	/System/Library/PrivateFrameworks/BackgroundTaskManagement.framework/Versions/A/BackgroundTaskManagement
0x00007fff6f8e7000 	/usr/lib/libxslt.1.dylib
0x00007fff41ed5000 	/System/Library/Frameworks/Carbon.framework/Versions/A/Frameworks/Ink.framework/Versions/A/Ink
0x00007fff6aad4000 	/System/Library/PrivateFrameworks/TextureIO.framework/Versions/A/TextureIO
0x00007fff6d067000 	/usr/lib/libate.dylib
0x00007fff57c5b000 	/System/Library/PrivateFrameworks/CrashReporterSupport.framework/Versions/A/CrashReporterSupport
0x00007fff67b00000 	/System/Library/PrivateFrameworks/Sharing.framework/Versions/A/Sharing
0x00007fff53ac9000 	/System/Library/PrivateFrameworks/AuthKit.framework/Versions/A/AuthKit
0x00007fff52eed000 	/System/Library/PrivateFrameworks/Apple80211.framework/Versions/A/Apple80211
0x00007fff57a1b000 	/System/Library/PrivateFrameworks/CoreUtils.framework/Versions/A/CoreUtils
0x00007fff4479e000 	/System/Library/Frameworks/CoreWLAN.framework/Versions/A/CoreWLAN
0x00007fff45208000 	/System/Library/Frameworks/IOBluetooth.framework/Versions/A/IOBluetooth
0x00007fff65e2d000 	/System/Library/PrivateFrameworks/ProtocolBuffer.framework/Versions/A/ProtocolBuffer
0x00007fff62086000 	/System/Library/PrivateFrameworks/MobileKeyBag.framework/Versions/A/MobileKeyBag
0x00007fff5723e000 	/System/Library/PrivateFrameworks/CorePhoneNumbers.framework/Versions/A/CorePhoneNumbers
0x00007fff53302000 	/System/Library/PrivateFrameworks/AppleIDAuthSupport.framework/Versions/A/AppleIDAuthSupport
0x00007fff60f51000 	/System/Library/PrivateFrameworks/KeychainCircle.framework/Versions/A/KeychainCircle
0x00007fff65ffa000 	/System/Library/PrivateFrameworks/ROCKit.framework/Versions/A/ROCKit
0x00007fff57bf7000 	/System/Library/PrivateFrameworks/CoreWiFi.framework/Versions/A/CoreWiFi
0x00007fff42442000 	/System/Library/Frameworks/CoreBluetooth.framework/Versions/A/CoreBluetooth
0x00007fff57e4b000 	/System/Library/PrivateFrameworks/DebugSymbols.framework/Versions/A/DebugSymbols
0x00007fff577d0000 	/System/Library/PrivateFrameworks/CoreSymbolication.framework/Versions/A/CoreSymbolication
0x00007fff6a2bf000 	/System/Library/PrivateFrameworks/Symbolication.framework/Versions/A/Symbolication
0x00007fff69452000 	/System/Library/PrivateFrameworks/SpeechRecognitionCore.framework/Versions/A/SpeechRecognitionCore
0x000000010b200000 	/Library/Java/JavaVirtualMachines/jdk-10.0.2.jdk/Contents/Home/lib/server/libjvm.dylib
0x00007fff6f6b1000 	/usr/lib/libstdc++.6.dylib
0x000000010a0fb000 	/Library/Java/JavaVirtualMachines/jdk-10.0.2.jdk/Contents/Home/lib/libverify.dylib
0x000000010a108000 	/Library/Java/JavaVirtualMachines/jdk-10.0.2.jdk/Contents/Home/lib/libjava.dylib
0x000000010a187000 	/Library/Java/JavaVirtualMachines/jdk-10.0.2.jdk/Contents/Home/lib/libzip.dylib
0x000000010a18f000 	/Library/Java/JavaVirtualMachines/jdk-10.0.2.jdk/Contents/Home/lib/libjimage.dylib
0x0000000115977000 	/Library/Java/JavaVirtualMachines/jdk-10.0.2.jdk/Contents/Home/lib/libnio.dylib
0x0000000131870000 	/Library/Java/JavaVirtualMachines/jdk-10.0.2.jdk/Contents/Home/lib/./libnet.dylib
0x000000013190f000 	/Library/Java/JavaVirtualMachines/jdk-10.0.2.jdk/Contents/Home/lib/libawt.dylib
0x00000001319b4000 	/Library/Java/JavaVirtualMachines/jdk-10.0.2.jdk/Contents/Home/lib/./libmlib_image.dylib
0x00007fff46ae9000 	/System/Library/Frameworks/JavaVM.framework/Versions/A/Frameworks/JavaNativeFoundation.framework/Versions/A/JavaNativeFoundation
0x00007fff46af2000 	/System/Library/Frameworks/JavaVM.framework/Versions/A/Frameworks/JavaRuntimeSupport.framework/Versions/A/JavaRuntimeSupport
0x00007fff46afb000 	/System/Library/Frameworks/JavaVM.framework/Versions/A/JavaVM
0x00007fff60e68000 	/System/Library/PrivateFrameworks/JavaLaunching.framework/Versions/A/JavaLaunching
0x00007fff41bbe000 	/System/Library/Frameworks/Carbon.framework/Versions/A/Carbon
0x00007fff41bbf000 	/System/Library/Frameworks/Carbon.framework/Versions/A/Frameworks/CommonPanels.framework/Versions/A/CommonPanels
0x00007fff41ecb000 	/System/Library/Frameworks/Carbon.framework/Versions/A/Frameworks/Help.framework/Versions/A/Help
0x00007fff41ecf000 	/System/Library/Frameworks/Carbon.framework/Versions/A/Frameworks/ImageCapture.framework/Versions/A/ImageCapture
0x00007fff41f6a000 	/System/Library/Frameworks/Carbon.framework/Versions/A/Frameworks/OpenScripting.framework/Versions/A/OpenScripting
0x00007fff41fa5000 	/System/Library/Frameworks/Carbon.framework/Versions/A/Frameworks/Print.framework/Versions/A/Print
0x00007fff41fa7000 	/System/Library/Frameworks/Carbon.framework/Versions/A/Frameworks/SecurityHI.framework/Versions/A/SecurityHI
0x0000000131a22000 	/Library/Java/JavaVirtualMachines/jdk-10.0.2.jdk/Contents/Home/lib/libawt_lwawt.dylib
0x0000000131ae2000 	/Library/Java/JavaVirtualMachines/jdk-10.0.2.jdk/Contents/Home/lib/./libosxapp.dylib
0x00007fff44c57000 	/System/Library/Frameworks/ExceptionHandling.framework/Versions/A/ExceptionHandling
0x0000000131e03000 	/Library/Java/JavaVirtualMachines/jdk-10.0.2.jdk/Contents/Home/lib/libfontmanager.dylib
0x0000000131e9b000 	/Library/Java/JavaVirtualMachines/jdk-10.0.2.jdk/Contents/Home/lib/./libfreetype.dylib
0x00007fff573d5000 	/System/Library/PrivateFrameworks/CoreServicesInternal.framework/Versions/A/CoreServicesInternal
0x00007fff38764000 	/System/Library/CoreServices/RawCamera.bundle/Contents/MacOS/RawCamera
0x00007fff61ef1000 	/System/Library/PrivateFrameworks/MobileAsset.framework/Versions/A/MobileAsset
0x00007fff69b43000 	/System/Library/PrivateFrameworks/StreamingZip.framework/Versions/A/StreamingZip
0x00007fff46e9b000 	/System/Library/Frameworks/MediaToolbox.framework/Versions/A/MediaToolbox
0x00007fff564ad000 	/System/Library/PrivateFrameworks/CoreAVCHD.framework/Versions/A/CoreAVCHD
0x00007fff46dd7000 	/System/Library/Frameworks/MediaAccessibility.framework/Versions/A/MediaAccessibility
0x00007fff61923000 	/System/Library/PrivateFrameworks/Mangrove.framework/Versions/A/Mangrove
0x00007fff43a52000 	/System/Library/Frameworks/CoreMedia.framework/Versions/A/CoreMedia
0x00007fff4edfb000 	/System/Library/Frameworks/VideoToolbox.framework/Versions/A/VideoToolbox
0x00007fff560d5000 	/System/Library/PrivateFrameworks/CoreAUC.framework/Versions/A/CoreAUC
0x00007fff6f387000 	/usr/lib/libspindump.dylib
0x00007fff536dc000 	/System/Library/PrivateFrameworks/AppleVA.framework/Versions/A/AppleVA
0x00007fff3ec2b000 	/System/Library/Frameworks/Accelerate.framework/Versions/A/Frameworks/vImage.framework/Versions/A/Libraries/libCGInterfaces.dylib
0x00007fff40fb0000 	/System/Library/Frameworks/ApplicationServices.framework/Versions/A/Frameworks/ATS.framework/Versions/A/Resources/libTrueTypeScaler.dylib
0x00007fff3b05e000 	/System/Library/Extensions/AppleIntelHD5000GraphicsMTLDriver.bundle/Contents/MacOS/AppleIntelHD5000GraphicsMTLDriver
0x00007fff5cd78000 	/System/Library/PrivateFrameworks/GPUCompiler.framework/Versions/3902/Libraries/libmetal_timestamp.dylib
0x00007fff6bb05000 	/System/Library/PrivateFrameworks/ViewBridge.framework/Versions/A/ViewBridge
0x0000000131c71000 	/Library/Java/JavaVirtualMachines/jdk-10.0.2.jdk/Contents/Home/lib/libosxui.dylib
0x00007fff4ca80000 	/System/Library/Frameworks/OpenGL.framework/Versions/A/Resources/GLEngine.bundle/GLEngine
0x00007fff4bf10000 	/System/Library/Frameworks/OpenGL.framework/Versions/A/Libraries/libGLProgrammability.dylib
0x00007fff3ab1c000 	/System/Library/Extensions/AppleIntelHD5000GraphicsGLDriver.bundle/Contents/MacOS/AppleIntelHD5000GraphicsGLDriver
0x00007fff5e412000 	/System/Library/PrivateFrameworks/GPUSupport.framework/Versions/A/Libraries/libGPUSupportMercury.dylib
0x00007fff4cc17000 	/System/Library/Frameworks/OpenGL.framework/Versions/A/Resources/GLRendererFloat.bundle/GLRendererFloat
0x00007fff4b4c4000 	/System/Library/Frameworks/OpenCL.framework/Versions/A/Libraries/libcldcpuengine.dylib
0x00007fff6d6db000 	/usr/lib/libcrypto.35.dylib
0x00007fff6ac55000 	/System/Library/PrivateFrameworks/TrustEvaluationAgent.framework/Versions/A/TrustEvaluationAgent
0x00007fff54ff4000 	/System/Library/PrivateFrameworks/CloudDocs.framework/Versions/A/CloudDocs
0x00007fff59489000 	/System/Library/PrivateFrameworks/FileProvider.framework/Versions/A/FileProvider
0x00007fff6951b000 	/System/Library/PrivateFrameworks/SpotlightIndex.framework/Versions/A/SpotlightIndex
0x00007fff6a34d000 	/System/Library/PrivateFrameworks/SymptomDiagnosticReporter.framework/Versions/A/SymptomDiagnosticReporter
0x00007fff5e7d3000 	/System/Library/PrivateFrameworks/GenerationalStorage.framework/Versions/A/GenerationalStorage
0x00007fff54eff000 	/System/Library/PrivateFrameworks/ChunkingLibrary.framework/Versions/A/ChunkingLibrary
0x00007fff659d5000 	/System/Library/PrivateFrameworks/PowerLog.framework/Versions/A/PowerLog
0x00007fff564fc000 	/System/Library/PrivateFrameworks/CoreAnalytics.framework/Versions/A/CoreAnalytics
0x000000016674c000 	/usr/lib/libobjc-trampolines.dylib
0x00007fff6c845000 	/System/Library/PrivateFrameworks/login.framework/Versions/A/login


VM Arguments:
java_command: HardwareSimulatorMain
java_class_path (initial): :bin/classes:BuiltIn:bin/lib/Hack.jar:bin/lib/HackGUI.jar:bin/lib/Simulators.jar:bin/lib/SimulatorsGUI.jar:bin/lib/Compilers.jar
Launcher Type: SUN_STANDARD

Logging:
Log output configuration:
#0: stdout all=warning uptime,level,tags
#1: stderr all=off uptime,level,tags

Environment Variables:
PATH=/Users/michaelbarakat/.nvm/versions/node/v10.8.0/bin:/Users/michaelbarakat/.pyenv/plugins/pyenv-virtualenv/shims:/Users/michaelbarakat/.pyenv/shims:/Users/michaelbarakat/.local/bin:/Users/michaelbarakat/.pyenv/bin:/opt/local/bin:/opt/local/sbin:/usr/local/bin:/Applications:./node_modules/.bin:/usr/local/bin:/usr/local/sbin:/usr/bin:/bin:/usr/sbin:/sbin:/usr/local/share/dotnet:/Users/michaelbarakat/.rvm/bin
SHELL=/bin/zsh

Signal Handlers:
SIGSEGV: [libjvm.dylib+0x7508e4], sa_mask[0]=11111111011111110111111111111111, sa_flags=SA_ONSTACK|SA_RESTART|SA_SIGINFO
SIGBUS: [libjvm.dylib+0x7508e4], sa_mask[0]=11111111011111110111111111111111, sa_flags=SA_RESTART|SA_SIGINFO
SIGFPE: [libjvm.dylib+0x7508e4], sa_mask[0]=11111111011111110111111111111111, sa_flags=SA_RESTART|SA_SIGINFO
SIGPIPE: [libjvm.dylib+0x5f0e60], sa_mask[0]=11111111011111110111111111111111, sa_flags=SA_RESTART|SA_SIGINFO
SIGXFSZ: [libjvm.dylib+0x5f0e60], sa_mask[0]=11111111011111110111111111111111, sa_flags=SA_RESTART|SA_SIGINFO
SIGILL: [libjvm.dylib+0x7508e4], sa_mask[0]=11111111011111110111111111111111, sa_flags=SA_RESTART|SA_SIGINFO
SIGUSR2: [libjvm.dylib+0x5f16f0], sa_mask[0]=00000000000000000000000000000000, sa_flags=SA_RESTART|SA_SIGINFO
SIGHUP: [libjvm.dylib+0x5efedb], sa_mask[0]=11111111011111110111111111111111, sa_flags=SA_RESTART|SA_SIGINFO
SIGINT: SIG_IGN, sa_mask[0]=00000000000000000000000000000000, sa_flags=none
SIGTERM: [libjvm.dylib+0x5efedb], sa_mask[0]=11111111011111110111111111111111, sa_flags=SA_RESTART|SA_SIGINFO
SIGQUIT: [libjvm.dylib+0x5efedb], sa_mask[0]=11111111011111110111111111111111, sa_flags=SA_RESTART|SA_SIGINFO


---------------  S Y S T E M  ---------------

OS:uname:Darwin 18.2.0 Darwin Kernel Version 18.2.0: Fri Oct  5 19:41:49 PDT 2018; root:xnu-4903.221.2~2/RELEASE_X86_64 x86_64
rlimit: STACK 8192k, CORE 0k, NPROC 1418, NOFILE 10240, AS infinity, DATA infinity, FSIZE infinity
load average:1.96 1.95 1.98

CPU:total 8 (initial active 8) (4 cores per cpu, 2 threads per core) family 6 model 70 stepping 1, cmov, cx8, fxsr, mmx, sse, sse2, sse3, ssse3, sse4.1, sse4.2, popcnt, avx, avx2, aes, clmul, erms, lzcnt, ht, tsc, tscinvbit, bmi1, bmi2, fma

Memory: 4k page, physical 16777216k(678076k free)

vm_info: OpenJDK 64-Bit Server VM (10.0.2+13) for bsd-amd64 JRE (10.0.2+13), built on Jun 28 2018 00:57:02 by "mach5one" with gcc 4.2.1 Compatible Apple LLVM 6.1.0 (clang-602.0.49)

END.
